<?xml version="1.0" encoding="UTF-8" ?>
<testsuite failures="0" time="8.859" errors="1" skipped="0" tests="1" name="com.taotao.rest.jedis.JedisTest">
  <properties>
[...]
</properties>
  <testcase time="8.859" classname="com.taotao.rest.jedis.JedisTest" name="testSpringJedisCluster">
    <error message="CLUSTERDOWN The cluster is down" type="redis.clients.jedis.exceptions.JedisClusterException">redis.clients.jedis.exceptions.JedisClusterException: CLUSTERDOWN The cluster is down
	at redis.clients.jedis.Protocol.processError(Protocol.java:115)
	at redis.clients.jedis.Protocol.process(Protocol.java:142)
	at redis.clients.jedis.Protocol.read(Protocol.java:196)
	at redis.clients.jedis.Connection.readProtocolWithCheckingBroken(Connection.java:288)
	at redis.clients.jedis.Connection.getBinaryBulkReply(Connection.java:207)
	at redis.clients.jedis.Connection.getBulkReply(Connection.java:196)
	at redis.clients.jedis.Jedis.get(Jedis.java:98)
	at redis.clients.jedis.JedisCluster$3.execute(JedisCluster.java:94)
	at redis.clients.jedis.JedisCluster$3.execute(JedisCluster.java:91)
	at redis.clients.jedis.JedisClusterCommand.runWithRetries(JedisClusterCommand.java:56)
	at redis.clients.jedis.JedisClusterCommand.runWithRetries(JedisClusterCommand.java:67)
	at redis.clients.jedis.JedisClusterCommand.run(JedisClusterCommand.java:29)
	at redis.clients.jedis.JedisCluster.get(JedisCluster.java:91)
	at com.taotao.rest.jedis.JedisTest.testSpringJedisCluster(JedisTest.java:67)
	at sun.reflect.NativeMethodAccessorImpl.invoke0(Native Method)
	at sun.reflect.NativeMethodAccessorImpl.invoke(NativeMethodAccessorImpl.java:57)
	at sun.reflect.DelegatingMethodAccessorImpl.invoke(DelegatingMethodAccessorImpl.java:43)
	at java.lang.reflect.Method.invoke(Method.java:606)
	at org.junit.runners.model.FrameworkMethod$1.runReflectiveCall(FrameworkMethod.java:50)
	at org.junit.internal.runners.model.ReflectiveCallable.run(ReflectiveCallable.java:12)
	at org.junit.runners.model.FrameworkMethod.invokeExplosively(FrameworkMethod.java:47)
	at org.junit.internal.runners.statements.InvokeMethod.evaluate(InvokeMethod.java:17)
	at org.junit.runners.ParentRunner.runLeaf(ParentRunner.java:325)
	at org.junit.runners.BlockJUnit4ClassRunner.runChild(BlockJUnit4ClassRunner.java:78)
	at org.junit.runners.BlockJUnit4ClassRunner.runChild(BlockJUnit4ClassRunner.java:57)
	at org.junit.runners.ParentRunner$3.run(ParentRunner.java:290)
	at org.junit.runners.ParentRunner$1.schedule(ParentRunner.java:71)
	at org.junit.runners.ParentRunner.runChildren(ParentRunner.java:288)
	at org.junit.runners.ParentRunner.access$000(ParentRunner.java:58)
	at org.junit.runners.ParentRunner$2.evaluate(ParentRunner.java:268)
	at org.junit.runners.ParentRunner.run(ParentRunner.java:363)
	at org.apache.maven.surefire.junit4.JUnit4Provider.execute(JUnit4Provider.java:252)
	at org.apache.maven.surefire.junit4.JUnit4Provider.executeTestSet(JUnit4Provider.java:141)
	at org.apache.maven.surefire.junit4.JUnit4Provider.invoke(JUnit4Provider.java:112)
	at sun.reflect.NativeMethodAccessorImpl.invoke0(Native Method)
	at sun.reflect.NativeMethodAccessorImpl.invoke(NativeMethodAccessorImpl.java:57)
	at sun.reflect.DelegatingMethodAccessorImpl.invoke(DelegatingMethodAccessorImpl.java:43)
	at java.lang.reflect.Method.invoke(Method.java:606)
	at org.apache.maven.surefire.util.ReflectionUtils.invokeMethodWithArray(ReflectionUtils.java:189)
	at org.apache.maven.surefire.booter.ProviderFactory$ProviderProxy.invoke(ProviderFactory.java:165)
	at org.apache.maven.surefire.booter.ProviderFactory.invokeProvider(ProviderFactory.java:85)
	at org.apache.maven.surefire.booter.ForkedBooter.runSuitesInProcess(ForkedBooter.java:115)
	at org.apache.maven.surefire.booter.ForkedBooter.main(ForkedBooter.java:75)
</error>
    <system-out>2018-07-17 15:46:55,171 [main] [org.springframework.core.env.StandardEnvironment]-[DEBUG] Adding [systemProperties] PropertySource with lowest search precedence
2018-07-17 15:46:55,178 [main] [org.springframework.core.env.StandardEnvironment]-[DEBUG] Adding [systemEnvironment] PropertySource with lowest search precedence
2018-07-17 15:46:55,179 [main] [org.springframework.core.env.StandardEnvironment]-[DEBUG] Initialized StandardEnvironment with PropertySources [systemProperties,systemEnvironment]
2018-07-17 15:46:55,184 [main] [org.springframework.context.support.ClassPathXmlApplicationContext]-[INFO] Refreshing org.springframework.context.support.ClassPathXmlApplicationContext@69cb7fc: startup date [Tue Jul 17 15:46:55 CST 2018]; root of context hierarchy
2018-07-17 15:46:55,258 [main] [org.springframework.core.env.StandardEnvironment]-[DEBUG] Adding [systemProperties] PropertySource with lowest search precedence
2018-07-17 15:46:55,259 [main] [org.springframework.core.env.StandardEnvironment]-[DEBUG] Adding [systemEnvironment] PropertySource with lowest search precedence
2018-07-17 15:46:55,259 [main] [org.springframework.core.env.StandardEnvironment]-[DEBUG] Initialized StandardEnvironment with PropertySources [systemProperties,systemEnvironment]
2018-07-17 15:46:55,304 [main] [org.springframework.core.io.support.PathMatchingResourcePatternResolver]-[DEBUG] Looking for matching resources in directory tree [E:\WorkSpace\taotao\taotao-rest\target\classes\spring]
2018-07-17 15:46:55,306 [main] [org.springframework.core.io.support.PathMatchingResourcePatternResolver]-[DEBUG] Searching directory [E:\WorkSpace\taotao\taotao-rest\target\classes\spring] for files matching pattern [E:/WorkSpace/taotao/taotao-rest/target/classes/spring/applicationContext-*.xml]
2018-07-17 15:46:55,314 [main] [org.springframework.core.io.support.PathMatchingResourcePatternResolver]-[DEBUG] Resolved location pattern [classpath:spring/applicationContext-*.xml] to resources [file [E:\WorkSpace\taotao\taotao-rest\target\classes\spring\applicationContext-dao.xml], file [E:\WorkSpace\taotao\taotao-rest\target\classes\spring\applicationContext-jedis.xml], file [E:\WorkSpace\taotao\taotao-rest\target\classes\spring\applicationContext-service.xml], file [E:\WorkSpace\taotao\taotao-rest\target\classes\spring\applicationContext-trans.xml]]
2018-07-17 15:46:55,316 [main] [org.springframework.beans.factory.xml.XmlBeanDefinitionReader]-[INFO] Loading XML bean definitions from file [E:\WorkSpace\taotao\taotao-rest\target\classes\spring\applicationContext-dao.xml]
2018-07-17 15:46:55,365 [main] [org.springframework.beans.factory.xml.DefaultDocumentLoader]-[DEBUG] Using JAXP provider [com.sun.org.apache.xerces.internal.jaxp.DocumentBuilderFactoryImpl]
2018-07-17 15:46:55,451 [main] [org.springframework.beans.factory.xml.PluggableSchemaResolver]-[DEBUG] Loading schema mappings from [META-INF/spring.schemas]
2018-07-17 15:46:55,493 [main] [org.springframework.beans.factory.xml.PluggableSchemaResolver]-[DEBUG] Loaded schema mappings: {http://www.springframework.org/schema/tx/spring-tx-2.5.xsd=org/springframework/transaction/config/spring-tx-2.5.xsd, http://www.springframework.org/schema/aop/spring-aop-4.1.xsd=org/springframework/aop/config/spring-aop-4.1.xsd, http://www.springframework.org/schema/context/spring-context-3.1.xsd=org/springframework/context/config/spring-context-3.1.xsd, http://www.springframework.org/schema/jdbc/spring-jdbc-4.1.xsd=org/springframework/jdbc/config/spring-jdbc-4.1.xsd, http://www.springframework.org/schema/mvc/spring-mvc-4.1.xsd=org/springframework/web/servlet/config/spring-mvc-4.1.xsd, http://www.springframework.org/schema/util/spring-util-3.0.xsd=org/springframework/beans/factory/xml/spring-util-3.0.xsd, http://www.springframework.org/schema/tool/spring-tool.xsd=org/springframework/beans/factory/xml/spring-tool-4.1.xsd, http://www.springframework.org/schema/aop/spring-aop-3.2.xsd=org/springframework/aop/config/spring-aop-3.2.xsd, http://mybatis.org/schema/mybatis-spring-1.2.xsd=org/mybatis/spring/config/mybatis-spring-1.2.xsd, http://www.springframework.org/schema/lang/spring-lang-4.1.xsd=org/springframework/scripting/config/spring-lang-4.1.xsd, http://www.springframework.org/schema/context/spring-context-4.0.xsd=org/springframework/context/config/spring-context-4.0.xsd, http://www.springframework.org/schema/mvc/spring-mvc-3.2.xsd=org/springframework/web/servlet/config/spring-mvc-3.2.xsd, http://www.springframework.org/schema/tool/spring-tool-4.1.xsd=org/springframework/beans/factory/xml/spring-tool-4.1.xsd, http://www.springframework.org/schema/lang/spring-lang-3.2.xsd=org/springframework/scripting/config/spring-lang-3.2.xsd, http://www.springframework.org/schema/cache/spring-cache-3.2.xsd=org/springframework/cache/config/spring-cache-3.2.xsd, http://www.springframework.org/schema/jee/spring-jee-4.1.xsd=org/springframework/ejb/config/spring-jee-4.1.xsd, http://www.springframework.org/schema/jdbc/spring-jdbc-3.1.xsd=org/springframework/jdbc/config/spring-jdbc-3.1.xsd, http://www.springframework.org/schema/util/spring-util-2.0.xsd=org/springframework/beans/factory/xml/spring-util-2.0.xsd, http://www.springframework.org/schema/tool/spring-tool-3.2.xsd=org/springframework/beans/factory/xml/spring-tool-3.2.xsd, http://www.springframework.org/schema/context/spring-context.xsd=org/springframework/context/config/spring-context-4.1.xsd, http://www.springframework.org/schema/cache/spring-cache-4.1.xsd=org/springframework/cache/config/spring-cache-4.1.xsd, http://www.springframework.org/schema/aop/spring-aop-4.0.xsd=org/springframework/aop/config/spring-aop-4.0.xsd, http://www.springframework.org/schema/jee/spring-jee-3.2.xsd=org/springframework/ejb/config/spring-jee-3.2.xsd, http://www.springframework.org/schema/context/spring-context-3.0.xsd=org/springframework/context/config/spring-context-3.0.xsd, http://www.springframework.org/schema/jdbc/spring-jdbc-4.0.xsd=org/springframework/jdbc/config/spring-jdbc-4.0.xsd, http://www.springframework.org/schema/mvc/spring-mvc-4.0.xsd=org/springframework/web/servlet/config/spring-mvc-4.0.xsd, http://www.springframework.org/schema/util/spring-util-2.5.xsd=org/springframework/beans/factory/xml/spring-util-2.5.xsd, http://www.springframework.org/schema/beans/spring-beans-3.2.xsd=org/springframework/beans/factory/xml/spring-beans-3.2.xsd, http://www.springframework.org/schema/aop/spring-aop-3.1.xsd=org/springframework/aop/config/spring-aop-3.1.xsd, http://www.springframework.org/schema/lang/spring-lang-4.0.xsd=org/springframework/scripting/config/spring-lang-4.0.xsd, http://www.springframework.org/schema/mvc/spring-mvc.xsd=org/springframework/web/servlet/config/spring-mvc-4.1.xsd, http://www.springframework.org/schema/mvc/spring-mvc-3.1.xsd=org/springframework/web/servlet/config/spring-mvc-3.1.xsd, http://www.springframework.org/schema/beans/spring-beans-4.1.xsd=org/springframework/beans/factory/xml/spring-beans-4.1.xsd, http://www.springframework.org/schema/tool/spring-tool-4.0.xsd=org/springframework/beans/factory/xml/spring-tool-4.0.xsd, http://www.springframework.org/schema/tx/spring-tx-3.2.xsd=org/springframework/transaction/config/spring-tx-3.2.xsd, http://www.springframework.org/schema/lang/spring-lang-3.1.xsd=org/springframework/scripting/config/spring-lang-3.1.xsd, http://www.springframework.org/schema/cache/spring-cache-3.1.xsd=org/springframework/cache/config/spring-cache-3.1.xsd, http://www.springframework.org/schema/jee/spring-jee-4.0.xsd=org/springframework/ejb/config/spring-jee-4.0.xsd, http://www.springframework.org/schema/jdbc/spring-jdbc-3.0.xsd=org/springframework/jdbc/config/spring-jdbc-3.0.xsd, http://www.springframework.org/schema/task/spring-task-4.1.xsd=org/springframework/scheduling/config/spring-task-4.1.xsd, http://www.springframework.org/schema/jdbc/spring-jdbc.xsd=org/springframework/jdbc/config/spring-jdbc-4.1.xsd, http://www.springframework.org/schema/tool/spring-tool-3.1.xsd=org/springframework/beans/factory/xml/spring-tool-3.1.xsd, http://www.springframework.org/schema/tx/spring-tx-4.1.xsd=org/springframework/transaction/config/spring-tx-4.1.xsd, http://www.springframework.org/schema/cache/spring-cache-4.0.xsd=org/springframework/cache/config/spring-cache-4.0.xsd, http://www.springframework.org/schema/jee/spring-jee-3.1.xsd=org/springframework/ejb/config/spring-jee-3.1.xsd, http://www.springframework.org/schema/task/spring-task-3.2.xsd=org/springframework/scheduling/config/spring-task-3.2.xsd, http://www.springframework.org/schema/beans/spring-beans-3.1.xsd=org/springframework/beans/factory/xml/spring-beans-3.1.xsd, http://www.springframework.org/schema/util/spring-util.xsd=org/springframework/beans/factory/xml/spring-util-4.1.xsd, http://www.springframework.org/schema/aop/spring-aop-3.0.xsd=org/springframework/aop/config/spring-aop-3.0.xsd, http://www.springframework.org/schema/mvc/spring-mvc-3.0.xsd=org/springframework/web/servlet/config/spring-mvc-3.0.xsd, http://www.springframework.org/schema/beans/spring-beans-4.0.xsd=org/springframework/beans/factory/xml/spring-beans-4.0.xsd, http://www.springframework.org/schema/beans/spring-beans.xsd=org/springframework/beans/factory/xml/spring-beans-4.1.xsd, http://www.springframework.org/schema/tx/spring-tx-3.1.xsd=org/springframework/transaction/config/spring-tx-3.1.xsd, http://www.springframework.org/schema/lang/spring-lang-3.0.xsd=org/springframework/scripting/config/spring-lang-3.0.xsd, http://mybatis.org/schema/mybatis-spring.xsd=org/mybatis/spring/config/mybatis-spring-1.2.xsd, http://www.springframework.org/schema/context/spring-context-2.5.xsd=org/springframework/context/config/spring-context-2.5.xsd, http://www.springframework.org/schema/task/spring-task-4.0.xsd=org/springframework/scheduling/config/spring-task-4.0.xsd, http://www.springframework.org/schema/tool/spring-tool-3.0.xsd=org/springframework/beans/factory/xml/spring-tool-3.0.xsd, http://www.springframework.org/schema/tx/spring-tx-4.0.xsd=org/springframework/transaction/config/spring-tx-4.0.xsd, http://www.springframework.org/schema/aop/spring-aop-2.0.xsd=org/springframework/aop/config/spring-aop-2.0.xsd, http://www.springframework.org/schema/jee/spring-jee-3.0.xsd=org/springframework/ejb/config/spring-jee-3.0.xsd, http://www.springframework.org/schema/util/spring-util-4.1.xsd=org/springframework/beans/factory/xml/spring-util-4.1.xsd, http://www.springframework.org/schema/task/spring-task-3.1.xsd=org/springframework/scheduling/config/spring-task-3.1.xsd, http://www.springframework.org/schema/beans/spring-beans-3.0.xsd=org/springframework/beans/factory/xml/spring-beans-3.0.xsd, http://www.springframework.org/schema/jee/spring-jee.xsd=org/springframework/ejb/config/spring-jee-4.1.xsd, http://www.springframework.org/schema/aop/spring-aop-2.5.xsd=org/springframework/aop/config/spring-aop-2.5.xsd, http://www.springframework.org/schema/lang/spring-lang-2.0.xsd=org/springframework/scripting/config/spring-lang-2.0.xsd, http://www.springframework.org/schema/util/spring-util-3.2.xsd=org/springframework/beans/factory/xml/spring-util-3.2.xsd, http://www.springframework.org/schema/task/spring-task.xsd=org/springframework/scheduling/config/spring-task-4.1.xsd, http://www.springframework.org/schema/tool/spring-tool-2.0.xsd=org/springframework/beans/factory/xml/spring-tool-2.0.xsd, http://www.springframework.org/schema/tx/spring-tx-3.0.xsd=org/springframework/transaction/config/spring-tx-3.0.xsd, http://www.springframework.org/schema/lang/spring-lang-2.5.xsd=org/springframework/scripting/config/spring-lang-2.5.xsd, http://www.springframework.org/schema/jee/spring-jee-2.0.xsd=org/springframework/ejb/config/spring-jee-2.0.xsd, http://www.springframework.org/schema/tool/spring-tool-2.5.xsd=org/springframework/beans/factory/xml/spring-tool-2.5.xsd, http://www.springframework.org/schema/jee/spring-jee-2.5.xsd=org/springframework/ejb/config/spring-jee-2.5.xsd, http://www.springframework.org/schema/util/spring-util-4.0.xsd=org/springframework/beans/factory/xml/spring-util-4.0.xsd, http://www.springframework.org/schema/task/spring-task-3.0.xsd=org/springframework/scheduling/config/spring-task-3.0.xsd, http://www.springframework.org/schema/lang/spring-lang.xsd=org/springframework/scripting/config/spring-lang-4.1.xsd, http://www.springframework.org/schema/context/spring-context-3.2.xsd=org/springframework/context/config/spring-context-3.2.xsd, http://www.springframework.org/schema/util/spring-util-3.1.xsd=org/springframework/beans/factory/xml/spring-util-3.1.xsd, http://www.springframework.org/schema/beans/spring-beans-2.0.xsd=org/springframework/beans/factory/xml/spring-beans-2.0.xsd, http://www.springframework.org/schema/cache/spring-cache.xsd=org/springframework/cache/config/spring-cache-4.1.xsd, http://www.springframework.org/schema/tx/spring-tx.xsd=org/springframework/transaction/config/spring-tx-4.1.xsd, http://www.springframework.org/schema/context/spring-context-4.1.xsd=org/springframework/context/config/spring-context-4.1.xsd, http://www.springframework.org/schema/beans/spring-beans-2.5.xsd=org/springframework/beans/factory/xml/spring-beans-2.5.xsd, http://www.springframework.org/schema/tx/spring-tx-2.0.xsd=org/springframework/transaction/config/spring-tx-2.0.xsd, http://www.springframework.org/schema/jdbc/spring-jdbc-3.2.xsd=org/springframework/jdbc/config/spring-jdbc-3.2.xsd, http://www.springframework.org/schema/aop/spring-aop.xsd=org/springframework/aop/config/spring-aop-4.1.xsd}
2018-07-17 15:46:55,500 [main] [org.springframework.beans.factory.xml.PluggableSchemaResolver]-[DEBUG] Found XML schema [http://www.springframework.org/schema/beans/spring-beans-4.0.xsd] in classpath: org/springframework/beans/factory/xml/spring-beans-4.0.xsd
2018-07-17 15:46:55,606 [main] [org.springframework.beans.factory.xml.PluggableSchemaResolver]-[DEBUG] Found XML schema [http://www.springframework.org/schema/context/spring-context-4.0.xsd] in classpath: org/springframework/context/config/spring-context-4.0.xsd
2018-07-17 15:46:55,633 [main] [org.springframework.beans.factory.xml.PluggableSchemaResolver]-[DEBUG] Found XML schema [http://www.springframework.org/schema/tool/spring-tool-4.0.xsd] in classpath: org/springframework/beans/factory/xml/spring-tool-4.0.xsd
2018-07-17 15:46:55,656 [main] [org.springframework.beans.factory.xml.DefaultBeanDefinitionDocumentReader]-[DEBUG] Loading bean definitions
2018-07-17 15:46:55,684 [main] [org.springframework.beans.factory.xml.DefaultNamespaceHandlerResolver]-[DEBUG] Loaded NamespaceHandler mappings: {http://www.springframework.org/schema/p=org.springframework.beans.factory.xml.SimplePropertyNamespaceHandler, http://www.springframework.org/schema/mvc=org.springframework.web.servlet.config.MvcNamespaceHandler, http://www.springframework.org/schema/util=org.springframework.beans.factory.xml.UtilNamespaceHandler, http://www.springframework.org/schema/jee=org.springframework.ejb.config.JeeNamespaceHandler, http://www.springframework.org/schema/aop=org.springframework.aop.config.AopNamespaceHandler, http://www.springframework.org/schema/jdbc=org.springframework.jdbc.config.JdbcNamespaceHandler, http://www.springframework.org/schema/cache=org.springframework.cache.config.CacheNamespaceHandler, http://mybatis.org/schema/mybatis-spring=org.mybatis.spring.config.NamespaceHandler, http://www.springframework.org/schema/c=org.springframework.beans.factory.xml.SimpleConstructorNamespaceHandler, http://www.springframework.org/schema/tx=org.springframework.transaction.config.TxNamespaceHandler, http://www.springframework.org/schema/task=org.springframework.scheduling.config.TaskNamespaceHandler, http://www.springframework.org/schema/lang=org.springframework.scripting.config.LangNamespaceHandler, http://www.springframework.org/schema/context=org.springframework.context.config.ContextNamespaceHandler}
2018-07-17 15:46:55,749 [main] [org.springframework.beans.factory.xml.BeanDefinitionParserDelegate]-[DEBUG] Neither XML &apos;id&apos; nor &apos;name&apos; specified - using generated bean name [org.mybatis.spring.mapper.MapperScannerConfigurer#0]
2018-07-17 15:46:55,749 [main] [org.springframework.beans.factory.xml.XmlBeanDefinitionReader]-[INFO] Loading XML bean definitions from file [E:\WorkSpace\taotao\taotao-rest\target\classes\spring\applicationContext-jedis.xml]
2018-07-17 15:46:55,761 [main] [org.springframework.beans.factory.xml.DefaultDocumentLoader]-[DEBUG] Using JAXP provider [com.sun.org.apache.xerces.internal.jaxp.DocumentBuilderFactoryImpl]
2018-07-17 15:46:55,767 [main] [org.springframework.beans.factory.xml.PluggableSchemaResolver]-[DEBUG] Found XML schema [http://www.springframework.org/schema/beans/spring-beans-4.0.xsd] in classpath: org/springframework/beans/factory/xml/spring-beans-4.0.xsd
2018-07-17 15:46:55,847 [main] [org.springframework.beans.factory.xml.DefaultBeanDefinitionDocumentReader]-[DEBUG] Loading bean definitions
2018-07-17 15:46:55,856 [main] [org.springframework.beans.factory.xml.BeanDefinitionParserDelegate]-[DEBUG] Neither XML &apos;id&apos; nor &apos;name&apos; specified - using generated bean name [redis.clients.jedis.HostAndPort#aae525c]
2018-07-17 15:46:55,857 [main] [org.springframework.beans.factory.xml.BeanDefinitionParserDelegate]-[DEBUG] Neither XML &apos;id&apos; nor &apos;name&apos; specified - using generated bean name [redis.clients.jedis.HostAndPort#3aa11b7e]
2018-07-17 15:46:55,858 [main] [org.springframework.beans.factory.xml.BeanDefinitionParserDelegate]-[DEBUG] Neither XML &apos;id&apos; nor &apos;name&apos; specified - using generated bean name [redis.clients.jedis.HostAndPort#27140b44]
2018-07-17 15:46:55,859 [main] [org.springframework.beans.factory.xml.BeanDefinitionParserDelegate]-[DEBUG] Neither XML &apos;id&apos; nor &apos;name&apos; specified - using generated bean name [redis.clients.jedis.HostAndPort#14efb167]
2018-07-17 15:46:55,859 [main] [org.springframework.beans.factory.xml.BeanDefinitionParserDelegate]-[DEBUG] Neither XML &apos;id&apos; nor &apos;name&apos; specified - using generated bean name [redis.clients.jedis.HostAndPort#467ebee]
2018-07-17 15:46:55,860 [main] [org.springframework.beans.factory.xml.BeanDefinitionParserDelegate]-[DEBUG] Neither XML &apos;id&apos; nor &apos;name&apos; specified - using generated bean name [redis.clients.jedis.HostAndPort#42b25884]
2018-07-17 15:46:55,861 [main] [org.springframework.beans.factory.xml.XmlBeanDefinitionReader]-[INFO] Loading XML bean definitions from file [E:\WorkSpace\taotao\taotao-rest\target\classes\spring\applicationContext-service.xml]
2018-07-17 15:46:55,863 [main] [org.springframework.beans.factory.xml.DefaultDocumentLoader]-[DEBUG] Using JAXP provider [com.sun.org.apache.xerces.internal.jaxp.DocumentBuilderFactoryImpl]
2018-07-17 15:46:55,866 [main] [org.springframework.beans.factory.xml.PluggableSchemaResolver]-[DEBUG] Found XML schema [http://www.springframework.org/schema/beans/spring-beans-4.0.xsd] in classpath: org/springframework/beans/factory/xml/spring-beans-4.0.xsd
2018-07-17 15:46:55,911 [main] [org.springframework.beans.factory.xml.PluggableSchemaResolver]-[DEBUG] Found XML schema [http://www.springframework.org/schema/context/spring-context-4.0.xsd] in classpath: org/springframework/context/config/spring-context-4.0.xsd
2018-07-17 15:46:55,935 [main] [org.springframework.beans.factory.xml.PluggableSchemaResolver]-[DEBUG] Found XML schema [http://www.springframework.org/schema/tool/spring-tool-4.0.xsd] in classpath: org/springframework/beans/factory/xml/spring-tool-4.0.xsd
2018-07-17 15:46:55,957 [main] [org.springframework.beans.factory.xml.DefaultBeanDefinitionDocumentReader]-[DEBUG] Loading bean definitions
2018-07-17 15:46:55,970 [main] [org.springframework.core.env.StandardEnvironment]-[DEBUG] Adding [systemProperties] PropertySource with lowest search precedence
2018-07-17 15:46:55,971 [main] [org.springframework.core.env.StandardEnvironment]-[DEBUG] Adding [systemEnvironment] PropertySource with lowest search precedence
2018-07-17 15:46:55,972 [main] [org.springframework.core.env.StandardEnvironment]-[DEBUG] Initialized StandardEnvironment with PropertySources [systemProperties,systemEnvironment]
2018-07-17 15:46:56,008 [main] [org.springframework.core.io.support.PathMatchingResourcePatternResolver]-[DEBUG] Looking for matching resources in directory tree [E:\WorkSpace\taotao\taotao-rest\target\classes\com\taotao\rest\service]
2018-07-17 15:46:56,009 [main] [org.springframework.core.io.support.PathMatchingResourcePatternResolver]-[DEBUG] Searching directory [E:\WorkSpace\taotao\taotao-rest\target\classes\com\taotao\rest\service] for files matching pattern [E:/WorkSpace/taotao/taotao-rest/target/classes/com/taotao/rest/service/**/*.class]
2018-07-17 15:46:56,011 [main] [org.springframework.core.io.support.PathMatchingResourcePatternResolver]-[DEBUG] Searching directory [E:\WorkSpace\taotao\taotao-rest\target\classes\com\taotao\rest\service\impl] for files matching pattern [E:/WorkSpace/taotao/taotao-rest/target/classes/com/taotao/rest/service/**/*.class]
2018-07-17 15:46:56,015 [main] [org.springframework.core.io.support.PathMatchingResourcePatternResolver]-[DEBUG] Resolved location pattern [classpath*:com/taotao/rest/service/**/*.class] to resources [file [E:\WorkSpace\taotao\taotao-rest\target\classes\com\taotao\rest\service\ContentService.class], file [E:\WorkSpace\taotao\taotao-rest\target\classes\com\taotao\rest\service\impl\ContentServiceImpl.class], file [E:\WorkSpace\taotao\taotao-rest\target\classes\com\taotao\rest\service\impl\ItemCatServiceImpl.class], file [E:\WorkSpace\taotao\taotao-rest\target\classes\com\taotao\rest\service\impl\ItemServiceImpl.class], file [E:\WorkSpace\taotao\taotao-rest\target\classes\com\taotao\rest\service\impl\RedisServiceImpl.class], file [E:\WorkSpace\taotao\taotao-rest\target\classes\com\taotao\rest\service\ItemCatService.class], file [E:\WorkSpace\taotao\taotao-rest\target\classes\com\taotao\rest\service\ItemService.class], file [E:\WorkSpace\taotao\taotao-rest\target\classes\com\taotao\rest\service\RedisService.class]]
2018-07-17 15:46:56,078 [main] [org.springframework.context.annotation.ClassPathBeanDefinitionScanner]-[DEBUG] Identified candidate component class: file [E:\WorkSpace\taotao\taotao-rest\target\classes\com\taotao\rest\service\impl\ContentServiceImpl.class]
2018-07-17 15:46:56,080 [main] [org.springframework.context.annotation.ClassPathBeanDefinitionScanner]-[DEBUG] Identified candidate component class: file [E:\WorkSpace\taotao\taotao-rest\target\classes\com\taotao\rest\service\impl\ItemCatServiceImpl.class]
2018-07-17 15:46:56,087 [main] [org.springframework.context.annotation.ClassPathBeanDefinitionScanner]-[DEBUG] Identified candidate component class: file [E:\WorkSpace\taotao\taotao-rest\target\classes\com\taotao\rest\service\impl\ItemServiceImpl.class]
2018-07-17 15:46:56,089 [main] [org.springframework.context.annotation.ClassPathBeanDefinitionScanner]-[DEBUG] Identified candidate component class: file [E:\WorkSpace\taotao\taotao-rest\target\classes\com\taotao\rest\service\impl\RedisServiceImpl.class]
2018-07-17 15:46:56,127 [main] [org.springframework.beans.factory.xml.XmlBeanDefinitionReader]-[INFO] Loading XML bean definitions from file [E:\WorkSpace\taotao\taotao-rest\target\classes\spring\applicationContext-trans.xml]
2018-07-17 15:46:56,132 [main] [org.springframework.beans.factory.xml.DefaultDocumentLoader]-[DEBUG] Using JAXP provider [com.sun.org.apache.xerces.internal.jaxp.DocumentBuilderFactoryImpl]
2018-07-17 15:46:56,139 [main] [org.springframework.beans.factory.xml.PluggableSchemaResolver]-[DEBUG] Found XML schema [http://www.springframework.org/schema/beans/spring-beans-4.0.xsd] in classpath: org/springframework/beans/factory/xml/spring-beans-4.0.xsd
2018-07-17 15:46:56,176 [main] [org.springframework.beans.factory.xml.PluggableSchemaResolver]-[DEBUG] Found XML schema [http://www.springframework.org/schema/tx/spring-tx-4.0.xsd] in classpath: org/springframework/transaction/config/spring-tx-4.0.xsd
2018-07-17 15:46:56,183 [main] [org.springframework.beans.factory.xml.PluggableSchemaResolver]-[DEBUG] Found XML schema [http://www.springframework.org/schema/tool/spring-tool-4.0.xsd] in classpath: org/springframework/beans/factory/xml/spring-tool-4.0.xsd
2018-07-17 15:46:56,229 [main] [org.springframework.beans.factory.xml.PluggableSchemaResolver]-[DEBUG] Found XML schema [http://www.springframework.org/schema/aop/spring-aop-4.0.xsd] in classpath: org/springframework/aop/config/spring-aop-4.0.xsd
2018-07-17 15:46:56,247 [main] [org.springframework.beans.factory.xml.DefaultBeanDefinitionDocumentReader]-[DEBUG] Loading bean definitions
2018-07-17 15:46:56,337 [main] [org.springframework.beans.factory.xml.XmlBeanDefinitionReader]-[DEBUG] Loaded 19 bean definitions from location pattern [classpath:spring/applicationContext-*.xml]
2018-07-17 15:46:56,340 [main] [org.springframework.context.support.ClassPathXmlApplicationContext]-[DEBUG] Bean factory for org.springframework.context.support.ClassPathXmlApplicationContext@69cb7fc: org.springframework.beans.factory.support.DefaultListableBeanFactory@107cf002: defining beans [org.springframework.context.support.PropertySourcesPlaceholderConfigurer#0,dataSource,sqlSessionFactory,org.mybatis.spring.mapper.MapperScannerConfigurer#0,jedisPoolConfig,redisClient,jedisClientCluster,contentServiceImpl,itemCatServiceImpl,itemServiceImpl,redisServiceImpl,org.springframework.context.annotation.internalConfigurationAnnotationProcessor,org.springframework.context.annotation.internalAutowiredAnnotationProcessor,org.springframework.context.annotation.internalRequiredAnnotationProcessor,org.springframework.context.annotation.internalCommonAnnotationProcessor,transactionManager,txAdvice,org.springframework.aop.config.internalAutoProxyCreator,org.springframework.aop.support.DefaultBeanFactoryPointcutAdvisor#0]; root of factory hierarchy
2018-07-17 15:46:56,446 [main] [org.springframework.beans.factory.support.DefaultListableBeanFactory]-[DEBUG] Creating shared instance of singleton bean &apos;org.springframework.context.annotation.internalConfigurationAnnotationProcessor&apos;
2018-07-17 15:46:56,446 [main] [org.springframework.beans.factory.support.DefaultListableBeanFactory]-[DEBUG] Creating instance of bean &apos;org.springframework.context.annotation.internalConfigurationAnnotationProcessor&apos;
2018-07-17 15:46:56,480 [main] [org.springframework.beans.factory.support.DefaultListableBeanFactory]-[DEBUG] Eagerly caching bean &apos;org.springframework.context.annotation.internalConfigurationAnnotationProcessor&apos; to allow for resolving potential circular references
2018-07-17 15:46:56,483 [main] [org.springframework.beans.factory.support.DefaultListableBeanFactory]-[DEBUG] Finished creating instance of bean &apos;org.springframework.context.annotation.internalConfigurationAnnotationProcessor&apos;
2018-07-17 15:46:56,660 [main] [org.springframework.beans.factory.support.DefaultListableBeanFactory]-[DEBUG] Creating shared instance of singleton bean &apos;org.mybatis.spring.mapper.MapperScannerConfigurer#0&apos;
2018-07-17 15:46:56,661 [main] [org.springframework.beans.factory.support.DefaultListableBeanFactory]-[DEBUG] Creating instance of bean &apos;org.mybatis.spring.mapper.MapperScannerConfigurer#0&apos;
2018-07-17 15:46:56,665 [main] [org.springframework.beans.factory.support.DefaultListableBeanFactory]-[DEBUG] Eagerly caching bean &apos;org.mybatis.spring.mapper.MapperScannerConfigurer#0&apos; to allow for resolving potential circular references
2018-07-17 15:46:56,735 [main] [org.springframework.beans.factory.support.DefaultListableBeanFactory]-[DEBUG] Invoking afterPropertiesSet() on bean with name &apos;org.mybatis.spring.mapper.MapperScannerConfigurer#0&apos;
2018-07-17 15:46:56,751 [main] [org.springframework.beans.factory.support.DefaultListableBeanFactory]-[DEBUG] Finished creating instance of bean &apos;org.mybatis.spring.mapper.MapperScannerConfigurer#0&apos;
2018-07-17 15:46:56,761 [main] [org.springframework.core.env.StandardEnvironment]-[DEBUG] Adding [systemProperties] PropertySource with lowest search precedence
2018-07-17 15:46:56,762 [main] [org.springframework.core.env.StandardEnvironment]-[DEBUG] Adding [systemEnvironment] PropertySource with lowest search precedence
2018-07-17 15:46:56,762 [main] [org.springframework.core.env.StandardEnvironment]-[DEBUG] Initialized StandardEnvironment with PropertySources [systemProperties,systemEnvironment]
2018-07-17 15:46:56,767 [main] [org.springframework.core.io.support.PathMatchingResourcePatternResolver]-[DEBUG] Looking for matching resources in jar file [file:/D:/repository/com/taotao/taotao-manager-mapper/0.0.1-SNAPSHOT/taotao-manager-mapper-0.0.1-SNAPSHOT.jar]
2018-07-17 15:46:56,771 [main] [org.springframework.core.io.support.PathMatchingResourcePatternResolver]-[DEBUG] Resolved location pattern [classpath*:com/taotao/mapper/**/*.class] to resources [URL [jar:file:/D:/repository/com/taotao/taotao-manager-mapper/0.0.1-SNAPSHOT/taotao-manager-mapper-0.0.1-SNAPSHOT.jar!/com/taotao/mapper/TbContentCategoryMapper.class], URL [jar:file:/D:/repository/com/taotao/taotao-manager-mapper/0.0.1-SNAPSHOT/taotao-manager-mapper-0.0.1-SNAPSHOT.jar!/com/taotao/mapper/TbContentMapper.class], URL [jar:file:/D:/repository/com/taotao/taotao-manager-mapper/0.0.1-SNAPSHOT/taotao-manager-mapper-0.0.1-SNAPSHOT.jar!/com/taotao/mapper/TbItemCatMapper.class], URL [jar:file:/D:/repository/com/taotao/taotao-manager-mapper/0.0.1-SNAPSHOT/taotao-manager-mapper-0.0.1-SNAPSHOT.jar!/com/taotao/mapper/TbItemDescMapper.class], URL [jar:file:/D:/repository/com/taotao/taotao-manager-mapper/0.0.1-SNAPSHOT/taotao-manager-mapper-0.0.1-SNAPSHOT.jar!/com/taotao/mapper/TbItemMapper.class], URL [jar:file:/D:/repository/com/taotao/taotao-manager-mapper/0.0.1-SNAPSHOT/taotao-manager-mapper-0.0.1-SNAPSHOT.jar!/com/taotao/mapper/TbItemParamItemMapper.class], URL [jar:file:/D:/repository/com/taotao/taotao-manager-mapper/0.0.1-SNAPSHOT/taotao-manager-mapper-0.0.1-SNAPSHOT.jar!/com/taotao/mapper/TbItemParamMapper.class], URL [jar:file:/D:/repository/com/taotao/taotao-manager-mapper/0.0.1-SNAPSHOT/taotao-manager-mapper-0.0.1-SNAPSHOT.jar!/com/taotao/mapper/TbOrderItemMapper.class], URL [jar:file:/D:/repository/com/taotao/taotao-manager-mapper/0.0.1-SNAPSHOT/taotao-manager-mapper-0.0.1-SNAPSHOT.jar!/com/taotao/mapper/TbOrderMapper.class], URL [jar:file:/D:/repository/com/taotao/taotao-manager-mapper/0.0.1-SNAPSHOT/taotao-manager-mapper-0.0.1-SNAPSHOT.jar!/com/taotao/mapper/TbOrderShippingMapper.class], URL [jar:file:/D:/repository/com/taotao/taotao-manager-mapper/0.0.1-SNAPSHOT/taotao-manager-mapper-0.0.1-SNAPSHOT.jar!/com/taotao/mapper/TbUserMapper.class]]
2018-07-17 15:46:56,774 [main] [org.mybatis.spring.mapper.ClassPathMapperScanner]-[DEBUG] Identified candidate component class: URL [jar:file:/D:/repository/com/taotao/taotao-manager-mapper/0.0.1-SNAPSHOT/taotao-manager-mapper-0.0.1-SNAPSHOT.jar!/com/taotao/mapper/TbContentCategoryMapper.class]
2018-07-17 15:46:56,780 [main] [org.mybatis.spring.mapper.ClassPathMapperScanner]-[DEBUG] Identified candidate component class: URL [jar:file:/D:/repository/com/taotao/taotao-manager-mapper/0.0.1-SNAPSHOT/taotao-manager-mapper-0.0.1-SNAPSHOT.jar!/com/taotao/mapper/TbContentMapper.class]
2018-07-17 15:46:56,783 [main] [org.mybatis.spring.mapper.ClassPathMapperScanner]-[DEBUG] Identified candidate component class: URL [jar:file:/D:/repository/com/taotao/taotao-manager-mapper/0.0.1-SNAPSHOT/taotao-manager-mapper-0.0.1-SNAPSHOT.jar!/com/taotao/mapper/TbItemCatMapper.class]
2018-07-17 15:46:56,784 [main] [org.mybatis.spring.mapper.ClassPathMapperScanner]-[DEBUG] Identified candidate component class: URL [jar:file:/D:/repository/com/taotao/taotao-manager-mapper/0.0.1-SNAPSHOT/taotao-manager-mapper-0.0.1-SNAPSHOT.jar!/com/taotao/mapper/TbItemDescMapper.class]
2018-07-17 15:46:56,789 [main] [org.mybatis.spring.mapper.ClassPathMapperScanner]-[DEBUG] Identified candidate component class: URL [jar:file:/D:/repository/com/taotao/taotao-manager-mapper/0.0.1-SNAPSHOT/taotao-manager-mapper-0.0.1-SNAPSHOT.jar!/com/taotao/mapper/TbItemMapper.class]
2018-07-17 15:46:56,790 [main] [org.mybatis.spring.mapper.ClassPathMapperScanner]-[DEBUG] Identified candidate component class: URL [jar:file:/D:/repository/com/taotao/taotao-manager-mapper/0.0.1-SNAPSHOT/taotao-manager-mapper-0.0.1-SNAPSHOT.jar!/com/taotao/mapper/TbItemParamItemMapper.class]
2018-07-17 15:46:56,792 [main] [org.mybatis.spring.mapper.ClassPathMapperScanner]-[DEBUG] Identified candidate component class: URL [jar:file:/D:/repository/com/taotao/taotao-manager-mapper/0.0.1-SNAPSHOT/taotao-manager-mapper-0.0.1-SNAPSHOT.jar!/com/taotao/mapper/TbItemParamMapper.class]
2018-07-17 15:46:56,793 [main] [org.mybatis.spring.mapper.ClassPathMapperScanner]-[DEBUG] Identified candidate component class: URL [jar:file:/D:/repository/com/taotao/taotao-manager-mapper/0.0.1-SNAPSHOT/taotao-manager-mapper-0.0.1-SNAPSHOT.jar!/com/taotao/mapper/TbOrderItemMapper.class]
2018-07-17 15:46:56,795 [main] [org.mybatis.spring.mapper.ClassPathMapperScanner]-[DEBUG] Identified candidate component class: URL [jar:file:/D:/repository/com/taotao/taotao-manager-mapper/0.0.1-SNAPSHOT/taotao-manager-mapper-0.0.1-SNAPSHOT.jar!/com/taotao/mapper/TbOrderMapper.class]
2018-07-17 15:46:56,797 [main] [org.mybatis.spring.mapper.ClassPathMapperScanner]-[DEBUG] Identified candidate component class: URL [jar:file:/D:/repository/com/taotao/taotao-manager-mapper/0.0.1-SNAPSHOT/taotao-manager-mapper-0.0.1-SNAPSHOT.jar!/com/taotao/mapper/TbOrderShippingMapper.class]
2018-07-17 15:46:56,799 [main] [org.mybatis.spring.mapper.ClassPathMapperScanner]-[DEBUG] Identified candidate component class: URL [jar:file:/D:/repository/com/taotao/taotao-manager-mapper/0.0.1-SNAPSHOT/taotao-manager-mapper-0.0.1-SNAPSHOT.jar!/com/taotao/mapper/TbUserMapper.class]
2018-07-17 15:46:56,800 [main] [org.mybatis.spring.mapper.ClassPathMapperScanner]-[DEBUG] Creating MapperFactoryBean with name &apos;tbContentCategoryMapper&apos; and &apos;com.taotao.mapper.TbContentCategoryMapper&apos; mapperInterface
2018-07-17 15:46:56,803 [main] [org.mybatis.spring.mapper.ClassPathMapperScanner]-[DEBUG] Enabling autowire by type for MapperFactoryBean with name &apos;tbContentCategoryMapper&apos;.
2018-07-17 15:46:56,809 [main] [org.mybatis.spring.mapper.ClassPathMapperScanner]-[DEBUG] Creating MapperFactoryBean with name &apos;tbContentMapper&apos; and &apos;com.taotao.mapper.TbContentMapper&apos; mapperInterface
2018-07-17 15:46:56,810 [main] [org.mybatis.spring.mapper.ClassPathMapperScanner]-[DEBUG] Enabling autowire by type for MapperFactoryBean with name &apos;tbContentMapper&apos;.
2018-07-17 15:46:56,812 [main] [org.mybatis.spring.mapper.ClassPathMapperScanner]-[DEBUG] Creating MapperFactoryBean with name &apos;tbItemCatMapper&apos; and &apos;com.taotao.mapper.TbItemCatMapper&apos; mapperInterface
2018-07-17 15:46:56,814 [main] [org.mybatis.spring.mapper.ClassPathMapperScanner]-[DEBUG] Enabling autowire by type for MapperFactoryBean with name &apos;tbItemCatMapper&apos;.
2018-07-17 15:46:56,819 [main] [org.mybatis.spring.mapper.ClassPathMapperScanner]-[DEBUG] Creating MapperFactoryBean with name &apos;tbItemDescMapper&apos; and &apos;com.taotao.mapper.TbItemDescMapper&apos; mapperInterface
2018-07-17 15:46:56,820 [main] [org.mybatis.spring.mapper.ClassPathMapperScanner]-[DEBUG] Enabling autowire by type for MapperFactoryBean with name &apos;tbItemDescMapper&apos;.
2018-07-17 15:46:56,824 [main] [org.mybatis.spring.mapper.ClassPathMapperScanner]-[DEBUG] Creating MapperFactoryBean with name &apos;tbItemMapper&apos; and &apos;com.taotao.mapper.TbItemMapper&apos; mapperInterface
2018-07-17 15:46:56,827 [main] [org.mybatis.spring.mapper.ClassPathMapperScanner]-[DEBUG] Enabling autowire by type for MapperFactoryBean with name &apos;tbItemMapper&apos;.
2018-07-17 15:46:56,827 [main] [org.mybatis.spring.mapper.ClassPathMapperScanner]-[DEBUG] Creating MapperFactoryBean with name &apos;tbItemParamItemMapper&apos; and &apos;com.taotao.mapper.TbItemParamItemMapper&apos; mapperInterface
2018-07-17 15:46:56,828 [main] [org.mybatis.spring.mapper.ClassPathMapperScanner]-[DEBUG] Enabling autowire by type for MapperFactoryBean with name &apos;tbItemParamItemMapper&apos;.
2018-07-17 15:46:56,828 [main] [org.mybatis.spring.mapper.ClassPathMapperScanner]-[DEBUG] Creating MapperFactoryBean with name &apos;tbItemParamMapper&apos; and &apos;com.taotao.mapper.TbItemParamMapper&apos; mapperInterface
2018-07-17 15:46:56,828 [main] [org.mybatis.spring.mapper.ClassPathMapperScanner]-[DEBUG] Enabling autowire by type for MapperFactoryBean with name &apos;tbItemParamMapper&apos;.
2018-07-17 15:46:56,829 [main] [org.mybatis.spring.mapper.ClassPathMapperScanner]-[DEBUG] Creating MapperFactoryBean with name &apos;tbOrderItemMapper&apos; and &apos;com.taotao.mapper.TbOrderItemMapper&apos; mapperInterface
2018-07-17 15:46:56,829 [main] [org.mybatis.spring.mapper.ClassPathMapperScanner]-[DEBUG] Enabling autowire by type for MapperFactoryBean with name &apos;tbOrderItemMapper&apos;.
2018-07-17 15:46:56,829 [main] [org.mybatis.spring.mapper.ClassPathMapperScanner]-[DEBUG] Creating MapperFactoryBean with name &apos;tbOrderMapper&apos; and &apos;com.taotao.mapper.TbOrderMapper&apos; mapperInterface
2018-07-17 15:46:56,829 [main] [org.mybatis.spring.mapper.ClassPathMapperScanner]-[DEBUG] Enabling autowire by type for MapperFactoryBean with name &apos;tbOrderMapper&apos;.
2018-07-17 15:46:56,829 [main] [org.mybatis.spring.mapper.ClassPathMapperScanner]-[DEBUG] Creating MapperFactoryBean with name &apos;tbOrderShippingMapper&apos; and &apos;com.taotao.mapper.TbOrderShippingMapper&apos; mapperInterface
2018-07-17 15:46:56,830 [main] [org.mybatis.spring.mapper.ClassPathMapperScanner]-[DEBUG] Enabling autowire by type for MapperFactoryBean with name &apos;tbOrderShippingMapper&apos;.
2018-07-17 15:46:56,830 [main] [org.mybatis.spring.mapper.ClassPathMapperScanner]-[DEBUG] Creating MapperFactoryBean with name &apos;tbUserMapper&apos; and &apos;com.taotao.mapper.TbUserMapper&apos; mapperInterface
2018-07-17 15:46:56,830 [main] [org.mybatis.spring.mapper.ClassPathMapperScanner]-[DEBUG] Enabling autowire by type for MapperFactoryBean with name &apos;tbUserMapper&apos;.
2018-07-17 15:46:56,843 [main] [org.springframework.beans.factory.support.DefaultListableBeanFactory]-[DEBUG] Creating shared instance of singleton bean &apos;org.springframework.context.support.PropertySourcesPlaceholderConfigurer#0&apos;
2018-07-17 15:46:56,843 [main] [org.springframework.beans.factory.support.DefaultListableBeanFactory]-[DEBUG] Creating instance of bean &apos;org.springframework.context.support.PropertySourcesPlaceholderConfigurer#0&apos;
2018-07-17 15:46:56,845 [main] [org.springframework.beans.factory.support.DefaultListableBeanFactory]-[DEBUG] Eagerly caching bean &apos;org.springframework.context.support.PropertySourcesPlaceholderConfigurer#0&apos; to allow for resolving potential circular references
2018-07-17 15:46:56,862 [main] [org.springframework.core.io.support.PathMatchingResourcePatternResolver]-[DEBUG] Looking for matching resources in directory tree [E:\WorkSpace\taotao\taotao-rest\target\classes\resource]
2018-07-17 15:46:56,862 [main] [org.springframework.core.io.support.PathMatchingResourcePatternResolver]-[DEBUG] Searching directory [E:\WorkSpace\taotao\taotao-rest\target\classes\resource] for files matching pattern [E:/WorkSpace/taotao/taotao-rest/target/classes/resource/*.properties]
2018-07-17 15:46:56,864 [main] [org.springframework.core.io.support.PathMatchingResourcePatternResolver]-[DEBUG] Resolved location pattern [classpath:resource/*.properties] to resources [file [E:\WorkSpace\taotao\taotao-rest\target\classes\resource\db.properties], file [E:\WorkSpace\taotao\taotao-rest\target\classes\resource\resource.properties]]
2018-07-17 15:46:56,877 [main] [org.springframework.beans.factory.support.DefaultListableBeanFactory]-[DEBUG] Finished creating instance of bean &apos;org.springframework.context.support.PropertySourcesPlaceholderConfigurer#0&apos;
2018-07-17 15:46:56,940 [main] [org.springframework.core.env.MutablePropertySources]-[DEBUG] Adding [environmentProperties] PropertySource with lowest search precedence
2018-07-17 15:46:56,941 [main] [org.springframework.context.support.PropertySourcesPlaceholderConfigurer]-[INFO] Loading properties file from file [E:\WorkSpace\taotao\taotao-rest\target\classes\resource\db.properties]
2018-07-17 15:46:56,946 [main] [org.springframework.context.support.PropertySourcesPlaceholderConfigurer]-[INFO] Loading properties file from file [E:\WorkSpace\taotao\taotao-rest\target\classes\resource\resource.properties]
2018-07-17 15:46:56,948 [main] [org.springframework.core.env.MutablePropertySources]-[DEBUG] Adding [localProperties] PropertySource with lowest search precedence
2018-07-17 15:46:56,970 [main] [org.springframework.core.env.PropertySourcesPropertyResolver]-[DEBUG] Searching for key &apos;jdbc.url&apos; in [environmentProperties]
2018-07-17 15:46:56,970 [main] [org.springframework.core.env.PropertySourcesPropertyResolver]-[DEBUG] Searching for key &apos;jdbc.url&apos; in [systemProperties]
2018-07-17 15:46:56,976 [main] [org.springframework.core.env.PropertySourcesPropertyResolver]-[DEBUG] Searching for key &apos;jdbc.url&apos; in [systemEnvironment]
2018-07-17 15:46:56,977 [main] [org.springframework.core.env.PropertySourcesPropertyResolver]-[DEBUG] Could not find key &apos;jdbc.url&apos; in any property source. Returning [null]
2018-07-17 15:46:56,981 [main] [org.springframework.core.env.PropertySourcesPropertyResolver]-[DEBUG] Searching for key &apos;jdbc.url&apos; in [localProperties]
2018-07-17 15:46:56,984 [main] [org.springframework.core.env.PropertySourcesPropertyResolver]-[DEBUG] Found key &apos;jdbc.url&apos; in [localProperties] with type [String] and value &apos;jdbc:mysql://192.168.1.112:3306/taotao?characterEncoding=utf-8&apos;
2018-07-17 15:46:56,990 [main] [org.springframework.core.env.PropertySourcesPropertyResolver]-[DEBUG] Searching for key &apos;jdbc.username&apos; in [environmentProperties]
2018-07-17 15:46:57,002 [main] [org.springframework.core.env.PropertySourcesPropertyResolver]-[DEBUG] Searching for key &apos;jdbc.username&apos; in [systemProperties]
2018-07-17 15:46:57,006 [main] [org.springframework.core.env.PropertySourcesPropertyResolver]-[DEBUG] Searching for key &apos;jdbc.username&apos; in [systemEnvironment]
2018-07-17 15:46:57,006 [main] [org.springframework.core.env.PropertySourcesPropertyResolver]-[DEBUG] Could not find key &apos;jdbc.username&apos; in any property source. Returning [null]
2018-07-17 15:46:57,007 [main] [org.springframework.core.env.PropertySourcesPropertyResolver]-[DEBUG] Searching for key &apos;jdbc.username&apos; in [localProperties]
2018-07-17 15:46:57,007 [main] [org.springframework.core.env.PropertySourcesPropertyResolver]-[DEBUG] Found key &apos;jdbc.username&apos; in [localProperties] with type [String] and value &apos;root&apos;
2018-07-17 15:46:57,009 [main] [org.springframework.core.env.PropertySourcesPropertyResolver]-[DEBUG] Searching for key &apos;jdbc.password&apos; in [environmentProperties]
2018-07-17 15:46:57,010 [main] [org.springframework.core.env.PropertySourcesPropertyResolver]-[DEBUG] Searching for key &apos;jdbc.password&apos; in [systemProperties]
2018-07-17 15:46:57,010 [main] [org.springframework.core.env.PropertySourcesPropertyResolver]-[DEBUG] Searching for key &apos;jdbc.password&apos; in [systemEnvironment]
2018-07-17 15:46:57,011 [main] [org.springframework.core.env.PropertySourcesPropertyResolver]-[DEBUG] Could not find key &apos;jdbc.password&apos; in any property source. Returning [null]
2018-07-17 15:46:57,011 [main] [org.springframework.core.env.PropertySourcesPropertyResolver]-[DEBUG] Searching for key &apos;jdbc.password&apos; in [localProperties]
2018-07-17 15:46:57,012 [main] [org.springframework.core.env.PropertySourcesPropertyResolver]-[DEBUG] Found key &apos;jdbc.password&apos; in [localProperties] with type [String] and value &apos;123456&apos;
2018-07-17 15:46:57,013 [main] [org.springframework.core.env.PropertySourcesPropertyResolver]-[DEBUG] Searching for key &apos;jdbc.driver&apos; in [environmentProperties]
2018-07-17 15:46:57,013 [main] [org.springframework.core.env.PropertySourcesPropertyResolver]-[DEBUG] Searching for key &apos;jdbc.driver&apos; in [systemProperties]
2018-07-17 15:46:57,015 [main] [org.springframework.core.env.PropertySourcesPropertyResolver]-[DEBUG] Searching for key &apos;jdbc.driver&apos; in [systemEnvironment]
2018-07-17 15:46:57,015 [main] [org.springframework.core.env.PropertySourcesPropertyResolver]-[DEBUG] Could not find key &apos;jdbc.driver&apos; in any property source. Returning [null]
2018-07-17 15:46:57,016 [main] [org.springframework.core.env.PropertySourcesPropertyResolver]-[DEBUG] Searching for key &apos;jdbc.driver&apos; in [localProperties]
2018-07-17 15:46:57,016 [main] [org.springframework.core.env.PropertySourcesPropertyResolver]-[DEBUG] Found key &apos;jdbc.driver&apos; in [localProperties] with type [String] and value &apos;com.mysql.jdbc.Driver&apos;
2018-07-17 15:46:57,028 [main] [org.springframework.beans.factory.support.DefaultListableBeanFactory]-[DEBUG] Creating shared instance of singleton bean &apos;org.springframework.context.annotation.internalAutowiredAnnotationProcessor&apos;
2018-07-17 15:46:57,029 [main] [org.springframework.beans.factory.support.DefaultListableBeanFactory]-[DEBUG] Creating instance of bean &apos;org.springframework.context.annotation.internalAutowiredAnnotationProcessor&apos;
2018-07-17 15:46:57,031 [main] [org.springframework.beans.factory.support.DefaultListableBeanFactory]-[DEBUG] Eagerly caching bean &apos;org.springframework.context.annotation.internalAutowiredAnnotationProcessor&apos; to allow for resolving potential circular references
2018-07-17 15:46:57,031 [main] [org.springframework.beans.factory.support.DefaultListableBeanFactory]-[DEBUG] Finished creating instance of bean &apos;org.springframework.context.annotation.internalAutowiredAnnotationProcessor&apos;
2018-07-17 15:46:57,032 [main] [org.springframework.beans.factory.support.DefaultListableBeanFactory]-[DEBUG] Creating shared instance of singleton bean &apos;org.springframework.context.annotation.internalRequiredAnnotationProcessor&apos;
2018-07-17 15:46:57,032 [main] [org.springframework.beans.factory.support.DefaultListableBeanFactory]-[DEBUG] Creating instance of bean &apos;org.springframework.context.annotation.internalRequiredAnnotationProcessor&apos;
2018-07-17 15:46:57,033 [main] [org.springframework.beans.factory.support.DefaultListableBeanFactory]-[DEBUG] Eagerly caching bean &apos;org.springframework.context.annotation.internalRequiredAnnotationProcessor&apos; to allow for resolving potential circular references
2018-07-17 15:46:57,036 [main] [org.springframework.beans.factory.support.DefaultListableBeanFactory]-[DEBUG] Finished creating instance of bean &apos;org.springframework.context.annotation.internalRequiredAnnotationProcessor&apos;
2018-07-17 15:46:57,038 [main] [org.springframework.beans.factory.support.DefaultListableBeanFactory]-[DEBUG] Creating shared instance of singleton bean &apos;org.springframework.context.annotation.internalCommonAnnotationProcessor&apos;
2018-07-17 15:46:57,038 [main] [org.springframework.beans.factory.support.DefaultListableBeanFactory]-[DEBUG] Creating instance of bean &apos;org.springframework.context.annotation.internalCommonAnnotationProcessor&apos;
2018-07-17 15:46:57,046 [main] [org.springframework.beans.factory.support.DefaultListableBeanFactory]-[DEBUG] Eagerly caching bean &apos;org.springframework.context.annotation.internalCommonAnnotationProcessor&apos; to allow for resolving potential circular references
2018-07-17 15:46:57,047 [main] [org.springframework.beans.factory.support.DefaultListableBeanFactory]-[DEBUG] Finished creating instance of bean &apos;org.springframework.context.annotation.internalCommonAnnotationProcessor&apos;
2018-07-17 15:46:57,047 [main] [org.springframework.beans.factory.support.DefaultListableBeanFactory]-[DEBUG] Creating shared instance of singleton bean &apos;org.springframework.context.annotation.ConfigurationClassPostProcessor.importAwareProcessor&apos;
2018-07-17 15:46:57,048 [main] [org.springframework.beans.factory.support.DefaultListableBeanFactory]-[DEBUG] Creating instance of bean &apos;org.springframework.context.annotation.ConfigurationClassPostProcessor.importAwareProcessor&apos;
2018-07-17 15:46:57,049 [main] [org.springframework.beans.factory.support.DefaultListableBeanFactory]-[DEBUG] Eagerly caching bean &apos;org.springframework.context.annotation.ConfigurationClassPostProcessor.importAwareProcessor&apos; to allow for resolving potential circular references
2018-07-17 15:46:57,050 [main] [org.springframework.beans.factory.support.DefaultListableBeanFactory]-[DEBUG] Finished creating instance of bean &apos;org.springframework.context.annotation.ConfigurationClassPostProcessor.importAwareProcessor&apos;
2018-07-17 15:46:57,051 [main] [org.springframework.beans.factory.support.DefaultListableBeanFactory]-[DEBUG] Creating shared instance of singleton bean &apos;org.springframework.context.annotation.ConfigurationClassPostProcessor.enhancedConfigurationProcessor&apos;
2018-07-17 15:46:57,051 [main] [org.springframework.beans.factory.support.DefaultListableBeanFactory]-[DEBUG] Creating instance of bean &apos;org.springframework.context.annotation.ConfigurationClassPostProcessor.enhancedConfigurationProcessor&apos;
2018-07-17 15:46:57,051 [main] [org.springframework.beans.factory.support.DefaultListableBeanFactory]-[DEBUG] Eagerly caching bean &apos;org.springframework.context.annotation.ConfigurationClassPostProcessor.enhancedConfigurationProcessor&apos; to allow for resolving potential circular references
2018-07-17 15:46:57,052 [main] [org.springframework.beans.factory.support.DefaultListableBeanFactory]-[DEBUG] Finished creating instance of bean &apos;org.springframework.context.annotation.ConfigurationClassPostProcessor.enhancedConfigurationProcessor&apos;
2018-07-17 15:46:57,052 [main] [org.springframework.beans.factory.support.DefaultListableBeanFactory]-[DEBUG] Creating shared instance of singleton bean &apos;org.springframework.aop.config.internalAutoProxyCreator&apos;
2018-07-17 15:46:57,052 [main] [org.springframework.beans.factory.support.DefaultListableBeanFactory]-[DEBUG] Creating instance of bean &apos;org.springframework.aop.config.internalAutoProxyCreator&apos;
2018-07-17 15:46:57,077 [main] [org.springframework.beans.factory.support.DefaultListableBeanFactory]-[DEBUG] Eagerly caching bean &apos;org.springframework.aop.config.internalAutoProxyCreator&apos; to allow for resolving potential circular references
2018-07-17 15:46:57,128 [main] [org.springframework.beans.factory.support.DefaultListableBeanFactory]-[DEBUG] Finished creating instance of bean &apos;org.springframework.aop.config.internalAutoProxyCreator&apos;
2018-07-17 15:46:57,134 [main] [org.springframework.context.support.ClassPathXmlApplicationContext]-[DEBUG] Unable to locate MessageSource with name &apos;messageSource&apos;: using default [org.springframework.context.support.DelegatingMessageSource@7d23bddd]
2018-07-17 15:46:57,138 [main] [org.springframework.context.support.ClassPathXmlApplicationContext]-[DEBUG] Unable to locate ApplicationEventMulticaster with name &apos;applicationEventMulticaster&apos;: using default [org.springframework.context.event.SimpleApplicationEventMulticaster@42ad9401]
2018-07-17 15:46:57,152 [main] [org.springframework.beans.factory.support.DefaultListableBeanFactory]-[DEBUG] Pre-instantiating singletons in org.springframework.beans.factory.support.DefaultListableBeanFactory@107cf002: defining beans [org.springframework.context.support.PropertySourcesPlaceholderConfigurer#0,dataSource,sqlSessionFactory,org.mybatis.spring.mapper.MapperScannerConfigurer#0,jedisPoolConfig,redisClient,jedisClientCluster,contentServiceImpl,itemCatServiceImpl,itemServiceImpl,redisServiceImpl,org.springframework.context.annotation.internalConfigurationAnnotationProcessor,org.springframework.context.annotation.internalAutowiredAnnotationProcessor,org.springframework.context.annotation.internalRequiredAnnotationProcessor,org.springframework.context.annotation.internalCommonAnnotationProcessor,transactionManager,txAdvice,org.springframework.aop.config.internalAutoProxyCreator,org.springframework.aop.support.DefaultBeanFactoryPointcutAdvisor#0,org.springframework.context.annotation.ConfigurationClassPostProcessor.importAwareProcessor,org.springframework.context.annotation.ConfigurationClassPostProcessor.enhancedConfigurationProcessor,tbContentCategoryMapper,tbContentMapper,tbItemCatMapper,tbItemDescMapper,tbItemMapper,tbItemParamItemMapper,tbItemParamMapper,tbOrderItemMapper,tbOrderMapper,tbOrderShippingMapper,tbUserMapper]; root of factory hierarchy
2018-07-17 15:46:57,153 [main] [org.springframework.beans.factory.support.DefaultListableBeanFactory]-[DEBUG] Returning cached instance of singleton bean &apos;org.springframework.context.support.PropertySourcesPlaceholderConfigurer#0&apos;
2018-07-17 15:46:57,153 [main] [org.springframework.beans.factory.support.DefaultListableBeanFactory]-[DEBUG] Creating shared instance of singleton bean &apos;dataSource&apos;
2018-07-17 15:46:57,153 [main] [org.springframework.beans.factory.support.DefaultListableBeanFactory]-[DEBUG] Creating instance of bean &apos;dataSource&apos;
2018-07-17 15:46:57,159 [main] [org.springframework.beans.factory.support.DefaultListableBeanFactory]-[DEBUG] Creating shared instance of singleton bean &apos;org.springframework.aop.support.DefaultBeanFactoryPointcutAdvisor#0&apos;
2018-07-17 15:46:57,159 [main] [org.springframework.beans.factory.support.DefaultListableBeanFactory]-[DEBUG] Creating instance of bean &apos;org.springframework.aop.support.DefaultBeanFactoryPointcutAdvisor#0&apos;
2018-07-17 15:46:57,165 [main] [org.springframework.beans.factory.support.DefaultListableBeanFactory]-[DEBUG] Eagerly caching bean &apos;org.springframework.aop.support.DefaultBeanFactoryPointcutAdvisor#0&apos; to allow for resolving potential circular references
2018-07-17 15:46:57,172 [main] [org.springframework.beans.factory.support.DefaultListableBeanFactory]-[DEBUG] Creating instance of bean &apos;(inner bean)#3b15eab5&apos;
2018-07-17 15:46:57,194 [main] [org.springframework.beans.factory.support.DefaultListableBeanFactory]-[DEBUG] Finished creating instance of bean &apos;(inner bean)#3b15eab5&apos;
2018-07-17 15:46:57,195 [main] [org.springframework.beans.factory.support.DefaultListableBeanFactory]-[DEBUG] Finished creating instance of bean &apos;org.springframework.aop.support.DefaultBeanFactoryPointcutAdvisor#0&apos;
2018-07-17 15:46:57,259 [main] [org.springframework.beans.factory.support.DefaultListableBeanFactory]-[DEBUG] Eagerly caching bean &apos;dataSource&apos; to allow for resolving potential circular references
2018-07-17 15:46:57,382 [main] [org.springframework.beans.factory.support.DefaultListableBeanFactory]-[DEBUG] Returning cached instance of singleton bean &apos;org.springframework.aop.support.DefaultBeanFactoryPointcutAdvisor#0&apos;
2018-07-17 15:46:57,383 [main] [org.springframework.beans.factory.support.DefaultListableBeanFactory]-[DEBUG] Returning cached instance of singleton bean &apos;org.springframework.aop.support.DefaultBeanFactoryPointcutAdvisor#0&apos;
2018-07-17 15:46:57,915 [main] [org.springframework.beans.factory.support.DefaultListableBeanFactory]-[DEBUG] Finished creating instance of bean &apos;dataSource&apos;
2018-07-17 15:46:57,915 [main] [org.springframework.beans.factory.support.DefaultListableBeanFactory]-[DEBUG] Creating shared instance of singleton bean &apos;sqlSessionFactory&apos;
2018-07-17 15:46:57,916 [main] [org.springframework.beans.factory.support.DefaultListableBeanFactory]-[DEBUG] Creating instance of bean &apos;sqlSessionFactory&apos;
2018-07-17 15:46:57,916 [main] [org.springframework.beans.factory.support.DefaultListableBeanFactory]-[DEBUG] Returning cached instance of singleton bean &apos;org.springframework.aop.support.DefaultBeanFactoryPointcutAdvisor#0&apos;
2018-07-17 15:46:57,960 [main] [org.apache.ibatis.logging.LogFactory]-[DEBUG] Logging initialized using &apos;class org.apache.ibatis.logging.slf4j.Slf4jImpl&apos; adapter.
2018-07-17 15:46:57,966 [main] [org.springframework.beans.factory.support.DefaultListableBeanFactory]-[DEBUG] Eagerly caching bean &apos;sqlSessionFactory&apos; to allow for resolving potential circular references
2018-07-17 15:46:57,984 [main] [org.springframework.beans.factory.support.DefaultListableBeanFactory]-[DEBUG] Returning cached instance of singleton bean &apos;dataSource&apos;
2018-07-17 15:46:57,987 [main] [org.springframework.beans.factory.support.DefaultListableBeanFactory]-[DEBUG] Invoking afterPropertiesSet() on bean with name &apos;sqlSessionFactory&apos;
2018-07-17 15:46:58,171 [main] [org.mybatis.spring.SqlSessionFactoryBean]-[DEBUG] Parsed configuration file: &apos;class path resource [mybatis/SqlMapConfig.xml]&apos;
2018-07-17 15:46:58,175 [main] [org.mybatis.spring.SqlSessionFactoryBean]-[DEBUG] Property &apos;mapperLocations&apos; was not specified or no matching resources found
2018-07-17 15:46:58,176 [main] [org.springframework.beans.factory.support.DefaultListableBeanFactory]-[DEBUG] Returning cached instance of singleton bean &apos;org.springframework.aop.support.DefaultBeanFactoryPointcutAdvisor#0&apos;
2018-07-17 15:46:58,177 [main] [org.springframework.beans.factory.support.DefaultListableBeanFactory]-[DEBUG] Returning cached instance of singleton bean &apos;org.springframework.aop.support.DefaultBeanFactoryPointcutAdvisor#0&apos;
2018-07-17 15:46:58,187 [main] [org.springframework.beans.factory.support.DefaultListableBeanFactory]-[DEBUG] Finished creating instance of bean &apos;sqlSessionFactory&apos;
2018-07-17 15:46:58,188 [main] [org.springframework.beans.factory.support.DefaultListableBeanFactory]-[DEBUG] Returning cached instance of singleton bean &apos;org.mybatis.spring.mapper.MapperScannerConfigurer#0&apos;
2018-07-17 15:46:58,189 [main] [org.springframework.beans.factory.support.DefaultListableBeanFactory]-[DEBUG] Creating shared instance of singleton bean &apos;jedisPoolConfig&apos;
2018-07-17 15:46:58,189 [main] [org.springframework.beans.factory.support.DefaultListableBeanFactory]-[DEBUG] Creating instance of bean &apos;jedisPoolConfig&apos;
2018-07-17 15:46:58,189 [main] [org.springframework.beans.factory.support.DefaultListableBeanFactory]-[DEBUG] Returning cached instance of singleton bean &apos;org.springframework.aop.support.DefaultBeanFactoryPointcutAdvisor#0&apos;
2018-07-17 15:46:58,194 [main] [org.springframework.beans.factory.support.DefaultListableBeanFactory]-[DEBUG] Eagerly caching bean &apos;jedisPoolConfig&apos; to allow for resolving potential circular references
2018-07-17 15:46:58,207 [main] [org.springframework.beans.factory.support.DefaultListableBeanFactory]-[DEBUG] Returning cached instance of singleton bean &apos;org.springframework.aop.support.DefaultBeanFactoryPointcutAdvisor#0&apos;
2018-07-17 15:46:58,207 [main] [org.springframework.beans.factory.support.DefaultListableBeanFactory]-[DEBUG] Returning cached instance of singleton bean &apos;org.springframework.aop.support.DefaultBeanFactoryPointcutAdvisor#0&apos;
2018-07-17 15:46:58,220 [main] [org.springframework.beans.factory.support.DefaultListableBeanFactory]-[DEBUG] Finished creating instance of bean &apos;jedisPoolConfig&apos;
2018-07-17 15:46:58,220 [main] [org.springframework.beans.factory.support.DefaultListableBeanFactory]-[DEBUG] Creating shared instance of singleton bean &apos;redisClient&apos;
2018-07-17 15:46:58,221 [main] [org.springframework.beans.factory.support.DefaultListableBeanFactory]-[DEBUG] Creating instance of bean &apos;redisClient&apos;
2018-07-17 15:46:58,221 [main] [org.springframework.beans.factory.support.DefaultListableBeanFactory]-[DEBUG] Returning cached instance of singleton bean &apos;org.springframework.aop.support.DefaultBeanFactoryPointcutAdvisor#0&apos;
2018-07-17 15:46:58,235 [main] [org.springframework.beans.factory.support.DefaultListableBeanFactory]-[DEBUG] Creating instance of bean &apos;redis.clients.jedis.HostAndPort#aae525c&apos;
2018-07-17 15:46:58,236 [main] [org.springframework.beans.factory.support.DefaultListableBeanFactory]-[DEBUG] Returning cached instance of singleton bean &apos;org.springframework.aop.support.DefaultBeanFactoryPointcutAdvisor#0&apos;
2018-07-17 15:46:58,251 [main] [org.springframework.beans.factory.support.DefaultListableBeanFactory]-[DEBUG] Returning cached instance of singleton bean &apos;org.springframework.aop.support.DefaultBeanFactoryPointcutAdvisor#0&apos;
2018-07-17 15:46:58,251 [main] [org.springframework.beans.factory.support.DefaultListableBeanFactory]-[DEBUG] Returning cached instance of singleton bean &apos;org.springframework.aop.support.DefaultBeanFactoryPointcutAdvisor#0&apos;
2018-07-17 15:46:58,256 [main] [org.springframework.beans.factory.support.DefaultListableBeanFactory]-[DEBUG] Finished creating instance of bean &apos;redis.clients.jedis.HostAndPort#aae525c&apos;
2018-07-17 15:46:58,257 [main] [org.springframework.beans.factory.support.DefaultListableBeanFactory]-[DEBUG] Creating instance of bean &apos;redis.clients.jedis.HostAndPort#3aa11b7e&apos;
2018-07-17 15:46:58,257 [main] [org.springframework.beans.factory.support.DefaultListableBeanFactory]-[DEBUG] Returning cached instance of singleton bean &apos;org.springframework.aop.support.DefaultBeanFactoryPointcutAdvisor#0&apos;
2018-07-17 15:46:58,259 [main] [org.springframework.beans.factory.support.DefaultListableBeanFactory]-[DEBUG] Returning cached instance of singleton bean &apos;org.springframework.aop.support.DefaultBeanFactoryPointcutAdvisor#0&apos;
2018-07-17 15:46:58,260 [main] [org.springframework.beans.factory.support.DefaultListableBeanFactory]-[DEBUG] Returning cached instance of singleton bean &apos;org.springframework.aop.support.DefaultBeanFactoryPointcutAdvisor#0&apos;
2018-07-17 15:46:58,261 [main] [org.springframework.beans.factory.support.DefaultListableBeanFactory]-[DEBUG] Finished creating instance of bean &apos;redis.clients.jedis.HostAndPort#3aa11b7e&apos;
2018-07-17 15:46:58,261 [main] [org.springframework.beans.factory.support.DefaultListableBeanFactory]-[DEBUG] Creating instance of bean &apos;redis.clients.jedis.HostAndPort#27140b44&apos;
2018-07-17 15:46:58,262 [main] [org.springframework.beans.factory.support.DefaultListableBeanFactory]-[DEBUG] Returning cached instance of singleton bean &apos;org.springframework.aop.support.DefaultBeanFactoryPointcutAdvisor#0&apos;
2018-07-17 15:46:58,263 [main] [org.springframework.beans.factory.support.DefaultListableBeanFactory]-[DEBUG] Returning cached instance of singleton bean &apos;org.springframework.aop.support.DefaultBeanFactoryPointcutAdvisor#0&apos;
2018-07-17 15:46:58,264 [main] [org.springframework.beans.factory.support.DefaultListableBeanFactory]-[DEBUG] Returning cached instance of singleton bean &apos;org.springframework.aop.support.DefaultBeanFactoryPointcutAdvisor#0&apos;
2018-07-17 15:46:58,265 [main] [org.springframework.beans.factory.support.DefaultListableBeanFactory]-[DEBUG] Finished creating instance of bean &apos;redis.clients.jedis.HostAndPort#27140b44&apos;
2018-07-17 15:46:58,265 [main] [org.springframework.beans.factory.support.DefaultListableBeanFactory]-[DEBUG] Creating instance of bean &apos;redis.clients.jedis.HostAndPort#14efb167&apos;
2018-07-17 15:46:58,266 [main] [org.springframework.beans.factory.support.DefaultListableBeanFactory]-[DEBUG] Returning cached instance of singleton bean &apos;org.springframework.aop.support.DefaultBeanFactoryPointcutAdvisor#0&apos;
2018-07-17 15:46:58,267 [main] [org.springframework.beans.factory.support.DefaultListableBeanFactory]-[DEBUG] Returning cached instance of singleton bean &apos;org.springframework.aop.support.DefaultBeanFactoryPointcutAdvisor#0&apos;
2018-07-17 15:46:58,268 [main] [org.springframework.beans.factory.support.DefaultListableBeanFactory]-[DEBUG] Returning cached instance of singleton bean &apos;org.springframework.aop.support.DefaultBeanFactoryPointcutAdvisor#0&apos;
2018-07-17 15:46:58,269 [main] [org.springframework.beans.factory.support.DefaultListableBeanFactory]-[DEBUG] Finished creating instance of bean &apos;redis.clients.jedis.HostAndPort#14efb167&apos;
2018-07-17 15:46:58,269 [main] [org.springframework.beans.factory.support.DefaultListableBeanFactory]-[DEBUG] Creating instance of bean &apos;redis.clients.jedis.HostAndPort#467ebee&apos;
2018-07-17 15:46:58,270 [main] [org.springframework.beans.factory.support.DefaultListableBeanFactory]-[DEBUG] Returning cached instance of singleton bean &apos;org.springframework.aop.support.DefaultBeanFactoryPointcutAdvisor#0&apos;
2018-07-17 15:46:58,277 [main] [org.springframework.beans.factory.support.DefaultListableBeanFactory]-[DEBUG] Returning cached instance of singleton bean &apos;org.springframework.aop.support.DefaultBeanFactoryPointcutAdvisor#0&apos;
2018-07-17 15:46:58,279 [main] [org.springframework.beans.factory.support.DefaultListableBeanFactory]-[DEBUG] Returning cached instance of singleton bean &apos;org.springframework.aop.support.DefaultBeanFactoryPointcutAdvisor#0&apos;
2018-07-17 15:46:58,280 [main] [org.springframework.beans.factory.support.DefaultListableBeanFactory]-[DEBUG] Finished creating instance of bean &apos;redis.clients.jedis.HostAndPort#467ebee&apos;
2018-07-17 15:46:58,280 [main] [org.springframework.beans.factory.support.DefaultListableBeanFactory]-[DEBUG] Creating instance of bean &apos;redis.clients.jedis.HostAndPort#42b25884&apos;
2018-07-17 15:46:58,281 [main] [org.springframework.beans.factory.support.DefaultListableBeanFactory]-[DEBUG] Returning cached instance of singleton bean &apos;org.springframework.aop.support.DefaultBeanFactoryPointcutAdvisor#0&apos;
2018-07-17 15:46:58,283 [main] [org.springframework.beans.factory.support.DefaultListableBeanFactory]-[DEBUG] Returning cached instance of singleton bean &apos;org.springframework.aop.support.DefaultBeanFactoryPointcutAdvisor#0&apos;
2018-07-17 15:46:58,283 [main] [org.springframework.beans.factory.support.DefaultListableBeanFactory]-[DEBUG] Returning cached instance of singleton bean &apos;org.springframework.aop.support.DefaultBeanFactoryPointcutAdvisor#0&apos;
2018-07-17 15:46:58,290 [main] [org.springframework.beans.factory.support.DefaultListableBeanFactory]-[DEBUG] Finished creating instance of bean &apos;redis.clients.jedis.HostAndPort#42b25884&apos;
2018-07-17 15:46:58,291 [main] [org.springframework.beans.factory.support.DefaultListableBeanFactory]-[DEBUG] Returning cached instance of singleton bean &apos;jedisPoolConfig&apos;
2018-07-17 15:46:58,851 [main] [org.springframework.beans.factory.support.DefaultListableBeanFactory]-[DEBUG] Eagerly caching bean &apos;redisClient&apos; to allow for resolving potential circular references
2018-07-17 15:46:58,860 [main] [org.springframework.beans.factory.support.DefaultListableBeanFactory]-[DEBUG] Returning cached instance of singleton bean &apos;org.springframework.aop.support.DefaultBeanFactoryPointcutAdvisor#0&apos;
2018-07-17 15:46:58,861 [main] [org.springframework.beans.factory.support.DefaultListableBeanFactory]-[DEBUG] Returning cached instance of singleton bean &apos;org.springframework.aop.support.DefaultBeanFactoryPointcutAdvisor#0&apos;
2018-07-17 15:46:59,031 [main] [org.springframework.beans.factory.support.DefaultListableBeanFactory]-[DEBUG] Finished creating instance of bean &apos;redisClient&apos;
2018-07-17 15:46:59,032 [main] [org.springframework.beans.factory.support.DefaultListableBeanFactory]-[DEBUG] Creating shared instance of singleton bean &apos;jedisClientCluster&apos;
2018-07-17 15:46:59,032 [main] [org.springframework.beans.factory.support.DefaultListableBeanFactory]-[DEBUG] Creating instance of bean &apos;jedisClientCluster&apos;
2018-07-17 15:46:59,033 [main] [org.springframework.beans.factory.support.DefaultListableBeanFactory]-[DEBUG] Returning cached instance of singleton bean &apos;org.springframework.aop.support.DefaultBeanFactoryPointcutAdvisor#0&apos;
2018-07-17 15:46:59,044 [main] [org.springframework.beans.factory.annotation.InjectionMetadata]-[DEBUG] Registered injected element on class [com.taotao.rest.dao.impl.JedisClientCluster]: AutowiredFieldElement for private redis.clients.jedis.JedisCluster com.taotao.rest.dao.impl.JedisClientCluster.jedisCluster
2018-07-17 15:46:59,044 [main] [org.springframework.beans.factory.support.DefaultListableBeanFactory]-[DEBUG] Eagerly caching bean &apos;jedisClientCluster&apos; to allow for resolving potential circular references
2018-07-17 15:46:59,060 [main] [org.springframework.beans.factory.annotation.InjectionMetadata]-[DEBUG] Processing injected method of bean &apos;jedisClientCluster&apos;: AutowiredFieldElement for private redis.clients.jedis.JedisCluster com.taotao.rest.dao.impl.JedisClientCluster.jedisCluster
2018-07-17 15:46:59,068 [main] [org.springframework.beans.factory.support.DefaultListableBeanFactory]-[DEBUG] Returning cached instance of singleton bean &apos;org.springframework.aop.support.DefaultBeanFactoryPointcutAdvisor#0&apos;
2018-07-17 15:46:59,069 [main] [org.springframework.beans.factory.support.DefaultListableBeanFactory]-[DEBUG] Creating shared instance of singleton bean &apos;tbContentCategoryMapper&apos;
2018-07-17 15:46:59,070 [main] [org.springframework.beans.factory.support.DefaultListableBeanFactory]-[DEBUG] Creating instance of bean &apos;tbContentCategoryMapper&apos;
2018-07-17 15:46:59,071 [main] [org.springframework.beans.factory.support.DefaultListableBeanFactory]-[DEBUG] Eagerly caching bean &apos;tbContentCategoryMapper&apos; to allow for resolving potential circular references
2018-07-17 15:46:59,081 [main] [org.springframework.beans.factory.support.DefaultListableBeanFactory]-[DEBUG] Returning cached instance of singleton bean &apos;org.springframework.aop.support.DefaultBeanFactoryPointcutAdvisor#0&apos;
2018-07-17 15:46:59,081 [main] [org.springframework.beans.factory.support.DefaultListableBeanFactory]-[DEBUG] Returning cached instance of singleton bean &apos;org.springframework.aop.support.DefaultBeanFactoryPointcutAdvisor#0&apos;
2018-07-17 15:46:59,092 [main] [org.springframework.beans.factory.support.DefaultListableBeanFactory]-[DEBUG] Returning eagerly cached instance of singleton bean &apos;tbContentCategoryMapper&apos; that is not fully initialized yet - a consequence of a circular reference
2018-07-17 15:46:59,093 [main] [org.springframework.beans.factory.support.DefaultListableBeanFactory]-[DEBUG] Returning cached instance of singleton bean &apos;org.springframework.aop.support.DefaultBeanFactoryPointcutAdvisor#0&apos;
2018-07-17 15:46:59,093 [main] [org.springframework.beans.factory.support.DefaultListableBeanFactory]-[DEBUG] Creating shared instance of singleton bean &apos;tbContentMapper&apos;
2018-07-17 15:46:59,094 [main] [org.springframework.beans.factory.support.DefaultListableBeanFactory]-[DEBUG] Creating instance of bean &apos;tbContentMapper&apos;
2018-07-17 15:46:59,095 [main] [org.springframework.beans.factory.support.DefaultListableBeanFactory]-[DEBUG] Eagerly caching bean &apos;tbContentMapper&apos; to allow for resolving potential circular references
2018-07-17 15:46:59,096 [main] [org.springframework.beans.factory.support.DefaultListableBeanFactory]-[DEBUG] Returning cached instance of singleton bean &apos;org.springframework.aop.support.DefaultBeanFactoryPointcutAdvisor#0&apos;
2018-07-17 15:46:59,096 [main] [org.springframework.beans.factory.support.DefaultListableBeanFactory]-[DEBUG] Returning cached instance of singleton bean &apos;org.springframework.aop.support.DefaultBeanFactoryPointcutAdvisor#0&apos;
2018-07-17 15:46:59,097 [main] [org.springframework.beans.factory.support.DefaultListableBeanFactory]-[DEBUG] Returning eagerly cached instance of singleton bean &apos;tbContentMapper&apos; that is not fully initialized yet - a consequence of a circular reference
2018-07-17 15:46:59,102 [main] [org.springframework.beans.factory.support.DefaultListableBeanFactory]-[DEBUG] Returning cached instance of singleton bean &apos;org.springframework.aop.support.DefaultBeanFactoryPointcutAdvisor#0&apos;
2018-07-17 15:46:59,104 [main] [org.springframework.beans.factory.support.DefaultListableBeanFactory]-[DEBUG] Creating shared instance of singleton bean &apos;tbItemCatMapper&apos;
2018-07-17 15:46:59,104 [main] [org.springframework.beans.factory.support.DefaultListableBeanFactory]-[DEBUG] Creating instance of bean &apos;tbItemCatMapper&apos;
2018-07-17 15:46:59,107 [main] [org.springframework.beans.factory.support.DefaultListableBeanFactory]-[DEBUG] Eagerly caching bean &apos;tbItemCatMapper&apos; to allow for resolving potential circular references
2018-07-17 15:46:59,108 [main] [org.springframework.beans.factory.support.DefaultListableBeanFactory]-[DEBUG] Returning cached instance of singleton bean &apos;org.springframework.aop.support.DefaultBeanFactoryPointcutAdvisor#0&apos;
2018-07-17 15:46:59,108 [main] [org.springframework.beans.factory.support.DefaultListableBeanFactory]-[DEBUG] Returning cached instance of singleton bean &apos;org.springframework.aop.support.DefaultBeanFactoryPointcutAdvisor#0&apos;
2018-07-17 15:46:59,109 [main] [org.springframework.beans.factory.support.DefaultListableBeanFactory]-[DEBUG] Returning eagerly cached instance of singleton bean &apos;tbItemCatMapper&apos; that is not fully initialized yet - a consequence of a circular reference
2018-07-17 15:46:59,110 [main] [org.springframework.beans.factory.support.DefaultListableBeanFactory]-[DEBUG] Returning cached instance of singleton bean &apos;org.springframework.aop.support.DefaultBeanFactoryPointcutAdvisor#0&apos;
2018-07-17 15:46:59,111 [main] [org.springframework.beans.factory.support.DefaultListableBeanFactory]-[DEBUG] Creating shared instance of singleton bean &apos;tbItemDescMapper&apos;
2018-07-17 15:46:59,111 [main] [org.springframework.beans.factory.support.DefaultListableBeanFactory]-[DEBUG] Creating instance of bean &apos;tbItemDescMapper&apos;
2018-07-17 15:46:59,112 [main] [org.springframework.beans.factory.support.DefaultListableBeanFactory]-[DEBUG] Eagerly caching bean &apos;tbItemDescMapper&apos; to allow for resolving potential circular references
2018-07-17 15:46:59,113 [main] [org.springframework.beans.factory.support.DefaultListableBeanFactory]-[DEBUG] Returning cached instance of singleton bean &apos;org.springframework.aop.support.DefaultBeanFactoryPointcutAdvisor#0&apos;
2018-07-17 15:46:59,114 [main] [org.springframework.beans.factory.support.DefaultListableBeanFactory]-[DEBUG] Returning cached instance of singleton bean &apos;org.springframework.aop.support.DefaultBeanFactoryPointcutAdvisor#0&apos;
2018-07-17 15:46:59,115 [main] [org.springframework.beans.factory.support.DefaultListableBeanFactory]-[DEBUG] Returning eagerly cached instance of singleton bean &apos;tbItemDescMapper&apos; that is not fully initialized yet - a consequence of a circular reference
2018-07-17 15:46:59,115 [main] [org.springframework.beans.factory.support.DefaultListableBeanFactory]-[DEBUG] Returning cached instance of singleton bean &apos;org.springframework.aop.support.DefaultBeanFactoryPointcutAdvisor#0&apos;
2018-07-17 15:46:59,116 [main] [org.springframework.beans.factory.support.DefaultListableBeanFactory]-[DEBUG] Creating shared instance of singleton bean &apos;tbItemMapper&apos;
2018-07-17 15:46:59,116 [main] [org.springframework.beans.factory.support.DefaultListableBeanFactory]-[DEBUG] Creating instance of bean &apos;tbItemMapper&apos;
[...]
2018-07-17 15:47:01,223 [main] [org.springframework.beans.factory.annotation.InjectionMetadata]-[DEBUG] Registered injected element on class [com.taotao.rest.service.impl.ItemServiceImpl]: AutowiredFieldElement for private com.taotao.mapper.TbItemParamItemMapper com.taotao.rest.service.impl.ItemServiceImpl.itemParamItemMapper
2018-07-17 15:47:01,223 [main] [org.springframework.beans.factory.annotation.InjectionMetadata]-[DEBUG] Registered injected element on class [com.taotao.rest.service.impl.ItemServiceImpl]: AutowiredFieldElement for private java.lang.String com.taotao.rest.service.impl.ItemServiceImpl.REDIS_ITEM_KEY
2018-07-17 15:47:01,229 [main] [org.springframework.beans.factory.annotation.InjectionMetadata]-[DEBUG] Registered injected element on class [com.taotao.rest.service.impl.ItemServiceImpl]: AutowiredFieldElement for private java.lang.Integer com.taotao.rest.service.impl.ItemServiceImpl.REDIS_ITEM_EXPIRE
2018-07-17 15:47:01,232 [main] [org.springframework.beans.factory.annotation.InjectionMetadata]-[DEBUG] Registered injected element on class [com.taotao.rest.service.impl.ItemServiceImpl]: AutowiredFieldElement for private com.taotao.rest.dao.JedisClient com.taotao.rest.service.impl.ItemServiceImpl.jedisClient
2018-07-17 15:47:01,233 [main] [org.springframework.beans.factory.support.DefaultListableBeanFactory]-[DEBUG] Eagerly caching bean &apos;itemServiceImpl&apos; to allow for resolving potential circular references
2018-07-17 15:47:01,236 [main] [org.springframework.beans.factory.annotation.InjectionMetadata]-[DEBUG] Processing injected method of bean &apos;itemServiceImpl&apos;: AutowiredFieldElement for private com.taotao.mapper.TbItemMapper com.taotao.rest.service.impl.ItemServiceImpl.itemMapper
2018-07-17 15:47:01,243 [main] [org.springframework.beans.factory.support.DefaultListableBeanFactory]-[DEBUG] Returning cached instance of singleton bean &apos;tbItemMapper&apos;
2018-07-17 15:47:01,247 [main] [org.springframework.beans.factory.support.DefaultListableBeanFactory]-[DEBUG] Returning cached instance of singleton bean &apos;org.springframework.aop.support.DefaultBeanFactoryPointcutAdvisor#0&apos;
2018-07-17 15:47:01,248 [main] [org.springframework.beans.factory.support.DefaultListableBeanFactory]-[DEBUG] Returning cached instance of singleton bean &apos;org.springframework.aop.support.DefaultBeanFactoryPointcutAdvisor#0&apos;
2018-07-17 15:47:01,267 [main] [org.springframework.beans.factory.annotation.AutowiredAnnotationBeanPostProcessor]-[DEBUG] Autowiring by type from bean name &apos;itemServiceImpl&apos; to bean named &apos;tbItemMapper&apos;
2018-07-17 15:47:01,270 [main] [org.springframework.beans.factory.annotation.InjectionMetadata]-[DEBUG] Processing injected method of bean &apos;itemServiceImpl&apos;: AutowiredFieldElement for private com.taotao.mapper.TbItemDescMapper com.taotao.rest.service.impl.ItemServiceImpl.itemDescMapper
2018-07-17 15:47:01,272 [main] [org.springframework.beans.factory.support.DefaultListableBeanFactory]-[DEBUG] Returning cached instance of singleton bean &apos;tbItemDescMapper&apos;
2018-07-17 15:47:01,296 [main] [org.springframework.beans.factory.support.DefaultListableBeanFactory]-[DEBUG] Returning cached instance of singleton bean &apos;org.springframework.aop.support.DefaultBeanFactoryPointcutAdvisor#0&apos;
2018-07-17 15:47:01,297 [main] [org.springframework.beans.factory.support.DefaultListableBeanFactory]-[DEBUG] Returning cached instance of singleton bean &apos;org.springframework.aop.support.DefaultBeanFactoryPointcutAdvisor#0&apos;
2018-07-17 15:47:01,320 [main] [org.springframework.beans.factory.annotation.AutowiredAnnotationBeanPostProcessor]-[DEBUG] Autowiring by type from bean name &apos;itemServiceImpl&apos; to bean named &apos;tbItemDescMapper&apos;
2018-07-17 15:47:01,320 [main] [org.springframework.beans.factory.annotation.InjectionMetadata]-[DEBUG] Processing injected method of bean &apos;itemServiceImpl&apos;: AutowiredFieldElement for private com.taotao.mapper.TbItemParamItemMapper com.taotao.rest.service.impl.ItemServiceImpl.itemParamItemMapper
2018-07-17 15:47:01,321 [main] [org.springframework.beans.factory.support.DefaultListableBeanFactory]-[DEBUG] Returning cached instance of singleton bean &apos;tbItemParamItemMapper&apos;
2018-07-17 15:47:01,344 [main] [org.springframework.beans.factory.support.DefaultListableBeanFactory]-[DEBUG] Returning cached instance of singleton bean &apos;org.springframework.aop.support.DefaultBeanFactoryPointcutAdvisor#0&apos;
2018-07-17 15:47:01,344 [main] [org.springframework.beans.factory.support.DefaultListableBeanFactory]-[DEBUG] Returning cached instance of singleton bean &apos;org.springframework.aop.support.DefaultBeanFactoryPointcutAdvisor#0&apos;
2018-07-17 15:47:01,360 [main] [org.springframework.beans.factory.annotation.AutowiredAnnotationBeanPostProcessor]-[DEBUG] Autowiring by type from bean name &apos;itemServiceImpl&apos; to bean named &apos;tbItemParamItemMapper&apos;
2018-07-17 15:47:01,360 [main] [org.springframework.beans.factory.annotation.InjectionMetadata]-[DEBUG] Processing injected method of bean &apos;itemServiceImpl&apos;: AutowiredFieldElement for private java.lang.String com.taotao.rest.service.impl.ItemServiceImpl.REDIS_ITEM_KEY
2018-07-17 15:47:01,362 [main] [org.springframework.core.env.PropertySourcesPropertyResolver]-[DEBUG] Searching for key &apos;REDIS_ITEM_KEY&apos; in [environmentProperties]
2018-07-17 15:47:01,363 [main] [org.springframework.core.env.PropertySourcesPropertyResolver]-[DEBUG] Searching for key &apos;REDIS_ITEM_KEY&apos; in [systemProperties]
2018-07-17 15:47:01,368 [main] [org.springframework.core.env.PropertySourcesPropertyResolver]-[DEBUG] Searching for key &apos;REDIS_ITEM_KEY&apos; in [systemEnvironment]
2018-07-17 15:47:01,368 [main] [org.springframework.core.env.PropertySourcesPropertyResolver]-[DEBUG] Could not find key &apos;REDIS_ITEM_KEY&apos; in any property source. Returning [null]
2018-07-17 15:47:01,369 [main] [org.springframework.core.env.PropertySourcesPropertyResolver]-[DEBUG] Searching for key &apos;REDIS_ITEM_KEY&apos; in [localProperties]
2018-07-17 15:47:01,370 [main] [org.springframework.core.env.PropertySourcesPropertyResolver]-[DEBUG] Found key &apos;REDIS_ITEM_KEY&apos; in [localProperties] with type [String] and value &apos;REDIS_ITEM_KEY&apos;
2018-07-17 15:47:01,371 [main] [org.springframework.beans.factory.annotation.InjectionMetadata]-[DEBUG] Processing injected method of bean &apos;itemServiceImpl&apos;: AutowiredFieldElement for private java.lang.Integer com.taotao.rest.service.impl.ItemServiceImpl.REDIS_ITEM_EXPIRE
2018-07-17 15:47:01,371 [main] [org.springframework.core.env.PropertySourcesPropertyResolver]-[DEBUG] Searching for key &apos;REDIS_ITEM_EXPIRE&apos; in [environmentProperties]
2018-07-17 15:47:01,371 [main] [org.springframework.core.env.PropertySourcesPropertyResolver]-[DEBUG] Searching for key &apos;REDIS_ITEM_EXPIRE&apos; in [systemProperties]
2018-07-17 15:47:01,372 [main] [org.springframework.core.env.PropertySourcesPropertyResolver]-[DEBUG] Searching for key &apos;REDIS_ITEM_EXPIRE&apos; in [systemEnvironment]
2018-07-17 15:47:01,372 [main] [org.springframework.core.env.PropertySourcesPropertyResolver]-[DEBUG] Could not find key &apos;REDIS_ITEM_EXPIRE&apos; in any property source. Returning [null]
2018-07-17 15:47:01,373 [main] [org.springframework.core.env.PropertySourcesPropertyResolver]-[DEBUG] Searching for key &apos;REDIS_ITEM_EXPIRE&apos; in [localProperties]
2018-07-17 15:47:01,374 [main] [org.springframework.core.env.PropertySourcesPropertyResolver]-[DEBUG] Found key &apos;REDIS_ITEM_EXPIRE&apos; in [localProperties] with type [String] and value &apos;86400&apos;
2018-07-17 15:47:01,375 [main] [org.springframework.beans.factory.annotation.InjectionMetadata]-[DEBUG] Processing injected method of bean &apos;itemServiceImpl&apos;: AutowiredFieldElement for private com.taotao.rest.dao.JedisClient com.taotao.rest.service.impl.ItemServiceImpl.jedisClient
2018-07-17 15:47:01,376 [main] [org.springframework.beans.factory.support.DefaultListableBeanFactory]-[DEBUG] Returning cached instance of singleton bean &apos;jedisClientCluster&apos;
2018-07-17 15:47:01,377 [main] [org.springframework.beans.factory.annotation.AutowiredAnnotationBeanPostProcessor]-[DEBUG] Autowiring by type from bean name &apos;itemServiceImpl&apos; to bean named &apos;jedisClientCluster&apos;
2018-07-17 15:47:01,377 [main] [org.springframework.beans.factory.support.DefaultListableBeanFactory]-[DEBUG] Returning cached instance of singleton bean &apos;org.springframework.aop.support.DefaultBeanFactoryPointcutAdvisor#0&apos;
2018-07-17 15:47:01,380 [main] [org.springframework.beans.factory.support.DefaultListableBeanFactory]-[DEBUG] Returning cached instance of singleton bean &apos;org.springframework.aop.support.DefaultBeanFactoryPointcutAdvisor#0&apos;
2018-07-17 15:47:01,382 [main] [org.springframework.aop.aspectj.autoproxy.AspectJAwareAdvisorAutoProxyCreator]-[DEBUG] Creating implicit proxy for bean &apos;itemServiceImpl&apos; with 0 common interceptors and 2 specific interceptors
2018-07-17 15:47:01,383 [main] [org.springframework.aop.framework.JdkDynamicAopProxy]-[DEBUG] Creating JDK dynamic proxy: target source is SingletonTargetSource for target object [com.taotao.rest.service.impl.ItemServiceImpl@cbab78f]
2018-07-17 15:47:01,391 [main] [org.springframework.beans.factory.support.DefaultListableBeanFactory]-[DEBUG] Finished creating instance of bean &apos;itemServiceImpl&apos;
2018-07-17 15:47:01,433 [main] [org.springframework.beans.factory.support.DefaultListableBeanFactory]-[DEBUG] Creating shared instance of singleton bean &apos;redisServiceImpl&apos;
2018-07-17 15:47:01,434 [main] [org.springframework.beans.factory.support.DefaultListableBeanFactory]-[DEBUG] Creating instance of bean &apos;redisServiceImpl&apos;
2018-07-17 15:47:01,434 [main] [org.springframework.beans.factory.support.DefaultListableBeanFactory]-[DEBUG] Returning cached instance of singleton bean &apos;org.springframework.aop.support.DefaultBeanFactoryPointcutAdvisor#0&apos;
2018-07-17 15:47:01,436 [main] [org.springframework.beans.factory.annotation.InjectionMetadata]-[DEBUG] Registered injected element on class [com.taotao.rest.service.impl.RedisServiceImpl]: AutowiredFieldElement for private com.taotao.rest.dao.JedisClient com.taotao.rest.service.impl.RedisServiceImpl.jedisClient
2018-07-17 15:47:01,436 [main] [org.springframework.beans.factory.annotation.InjectionMetadata]-[DEBUG] Registered injected element on class [com.taotao.rest.service.impl.RedisServiceImpl]: AutowiredFieldElement for private java.lang.String com.taotao.rest.service.impl.RedisServiceImpl.INDEX_CONTENT_REDIS_KEY
2018-07-17 15:47:01,437 [main] [org.springframework.beans.factory.support.DefaultListableBeanFactory]-[DEBUG] Eagerly caching bean &apos;redisServiceImpl&apos; to allow for resolving potential circular references
2018-07-17 15:47:01,439 [main] [org.springframework.beans.factory.annotation.InjectionMetadata]-[DEBUG] Processing injected method of bean &apos;redisServiceImpl&apos;: AutowiredFieldElement for private com.taotao.rest.dao.JedisClient com.taotao.rest.service.impl.RedisServiceImpl.jedisClient
2018-07-17 15:47:01,442 [main] [org.springframework.beans.factory.support.DefaultListableBeanFactory]-[DEBUG] Returning cached instance of singleton bean &apos;jedisClientCluster&apos;
2018-07-17 15:47:01,443 [main] [org.springframework.beans.factory.annotation.AutowiredAnnotationBeanPostProcessor]-[DEBUG] Autowiring by type from bean name &apos;redisServiceImpl&apos; to bean named &apos;jedisClientCluster&apos;
2018-07-17 15:47:01,444 [main] [org.springframework.beans.factory.annotation.InjectionMetadata]-[DEBUG] Processing injected method of bean &apos;redisServiceImpl&apos;: AutowiredFieldElement for private java.lang.String com.taotao.rest.service.impl.RedisServiceImpl.INDEX_CONTENT_REDIS_KEY
2018-07-17 15:47:01,445 [main] [org.springframework.core.env.PropertySourcesPropertyResolver]-[DEBUG] Searching for key &apos;INDEX_CONTENT_REDIS_KEY&apos; in [environmentProperties]
2018-07-17 15:47:01,446 [main] [org.springframework.core.env.PropertySourcesPropertyResolver]-[DEBUG] Searching for key &apos;INDEX_CONTENT_REDIS_KEY&apos; in [systemProperties]
2018-07-17 15:47:01,447 [main] [org.springframework.core.env.PropertySourcesPropertyResolver]-[DEBUG] Searching for key &apos;INDEX_CONTENT_REDIS_KEY&apos; in [systemEnvironment]
2018-07-17 15:47:01,447 [main] [org.springframework.core.env.PropertySourcesPropertyResolver]-[DEBUG] Could not find key &apos;INDEX_CONTENT_REDIS_KEY&apos; in any property source. Returning [null]
2018-07-17 15:47:01,448 [main] [org.springframework.core.env.PropertySourcesPropertyResolver]-[DEBUG] Searching for key &apos;INDEX_CONTENT_REDIS_KEY&apos; in [localProperties]
2018-07-17 15:47:01,448 [main] [org.springframework.core.env.PropertySourcesPropertyResolver]-[DEBUG] Found key &apos;INDEX_CONTENT_REDIS_KEY&apos; in [localProperties] with type [String] and value &apos;INDEX_CONTENT_REDIS_KEY&apos;
2018-07-17 15:47:01,449 [main] [org.springframework.beans.factory.support.DefaultListableBeanFactory]-[DEBUG] Returning cached instance of singleton bean &apos;org.springframework.aop.support.DefaultBeanFactoryPointcutAdvisor#0&apos;
2018-07-17 15:47:01,452 [main] [org.springframework.beans.factory.support.DefaultListableBeanFactory]-[DEBUG] Returning cached instance of singleton bean &apos;org.springframework.aop.support.DefaultBeanFactoryPointcutAdvisor#0&apos;
2018-07-17 15:47:01,454 [main] [org.springframework.aop.aspectj.autoproxy.AspectJAwareAdvisorAutoProxyCreator]-[DEBUG] Creating implicit proxy for bean &apos;redisServiceImpl&apos; with 0 common interceptors and 2 specific interceptors
2018-07-17 15:47:01,455 [main] [org.springframework.aop.framework.JdkDynamicAopProxy]-[DEBUG] Creating JDK dynamic proxy: target source is SingletonTargetSource for target object [com.taotao.rest.service.impl.RedisServiceImpl@77456140]
2018-07-17 15:47:01,468 [main] [org.springframework.beans.factory.support.DefaultListableBeanFactory]-[DEBUG] Finished creating instance of bean &apos;redisServiceImpl&apos;
2018-07-17 15:47:01,468 [main] [org.springframework.beans.factory.support.DefaultListableBeanFactory]-[DEBUG] Returning cached instance of singleton bean &apos;org.springframework.context.annotation.internalConfigurationAnnotationProcessor&apos;
2018-07-17 15:47:01,469 [main] [org.springframework.beans.factory.support.DefaultListableBeanFactory]-[DEBUG] Returning cached instance of singleton bean &apos;org.springframework.context.annotation.internalAutowiredAnnotationProcessor&apos;
2018-07-17 15:47:01,469 [main] [org.springframework.beans.factory.support.DefaultListableBeanFactory]-[DEBUG] Returning cached instance of singleton bean &apos;org.springframework.context.annotation.internalRequiredAnnotationProcessor&apos;
2018-07-17 15:47:01,470 [main] [org.springframework.beans.factory.support.DefaultListableBeanFactory]-[DEBUG] Returning cached instance of singleton bean &apos;org.springframework.context.annotation.internalCommonAnnotationProcessor&apos;
2018-07-17 15:47:01,482 [main] [org.springframework.beans.factory.support.DefaultListableBeanFactory]-[DEBUG] Returning cached instance of singleton bean &apos;transactionManager&apos;
2018-07-17 15:47:01,482 [main] [org.springframework.beans.factory.support.DefaultListableBeanFactory]-[DEBUG] Returning cached instance of singleton bean &apos;txAdvice&apos;
2018-07-17 15:47:01,482 [main] [org.springframework.beans.factory.support.DefaultListableBeanFactory]-[DEBUG] Returning cached instance of singleton bean &apos;org.springframework.aop.config.internalAutoProxyCreator&apos;
2018-07-17 15:47:01,483 [main] [org.springframework.beans.factory.support.DefaultListableBeanFactory]-[DEBUG] Returning cached instance of singleton bean &apos;org.springframework.aop.support.DefaultBeanFactoryPointcutAdvisor#0&apos;
2018-07-17 15:47:01,483 [main] [org.springframework.beans.factory.support.DefaultListableBeanFactory]-[DEBUG] Returning cached instance of singleton bean &apos;org.springframework.context.annotation.ConfigurationClassPostProcessor.importAwareProcessor&apos;
2018-07-17 15:47:01,483 [main] [org.springframework.beans.factory.support.DefaultListableBeanFactory]-[DEBUG] Returning cached instance of singleton bean &apos;org.springframework.context.annotation.ConfigurationClassPostProcessor.enhancedConfigurationProcessor&apos;
2018-07-17 15:47:01,483 [main] [org.springframework.beans.factory.support.DefaultListableBeanFactory]-[DEBUG] Returning cached instance of singleton bean &apos;tbContentCategoryMapper&apos;
2018-07-17 15:47:01,484 [main] [org.springframework.beans.factory.support.DefaultListableBeanFactory]-[DEBUG] Returning cached instance of singleton bean &apos;tbContentMapper&apos;
2018-07-17 15:47:01,484 [main] [org.springframework.beans.factory.support.DefaultListableBeanFactory]-[DEBUG] Returning cached instance of singleton bean &apos;tbItemCatMapper&apos;
2018-07-17 15:47:01,484 [main] [org.springframework.beans.factory.support.DefaultListableBeanFactory]-[DEBUG] Returning cached instance of singleton bean &apos;tbItemDescMapper&apos;
2018-07-17 15:47:01,484 [main] [org.springframework.beans.factory.support.DefaultListableBeanFactory]-[DEBUG] Returning cached instance of singleton bean &apos;tbItemMapper&apos;
2018-07-17 15:47:01,485 [main] [org.springframework.beans.factory.support.DefaultListableBeanFactory]-[DEBUG] Returning cached instance of singleton bean &apos;tbItemParamItemMapper&apos;
2018-07-17 15:47:01,485 [main] [org.springframework.beans.factory.support.DefaultListableBeanFactory]-[DEBUG] Returning cached instance of singleton bean &apos;tbItemParamMapper&apos;
2018-07-17 15:47:01,485 [main] [org.springframework.beans.factory.support.DefaultListableBeanFactory]-[DEBUG] Returning cached instance of singleton bean &apos;tbOrderItemMapper&apos;
2018-07-17 15:47:01,485 [main] [org.springframework.beans.factory.support.DefaultListableBeanFactory]-[DEBUG] Returning cached instance of singleton bean &apos;tbOrderMapper&apos;
2018-07-17 15:47:01,486 [main] [org.springframework.beans.factory.support.DefaultListableBeanFactory]-[DEBUG] Returning cached instance of singleton bean &apos;tbOrderShippingMapper&apos;
2018-07-17 15:47:01,486 [main] [org.springframework.beans.factory.support.DefaultListableBeanFactory]-[DEBUG] Returning cached instance of singleton bean &apos;tbUserMapper&apos;
2018-07-17 15:47:01,490 [main] [org.springframework.context.support.ClassPathXmlApplicationContext]-[DEBUG] Unable to locate LifecycleProcessor with name &apos;lifecycleProcessor&apos;: using default [org.springframework.context.support.DefaultLifecycleProcessor@5de7016b]
2018-07-17 15:47:01,491 [main] [org.springframework.beans.factory.support.DefaultListableBeanFactory]-[DEBUG] Returning cached instance of singleton bean &apos;lifecycleProcessor&apos;
2018-07-17 15:47:01,497 [main] [org.springframework.beans.factory.support.DefaultListableBeanFactory]-[DEBUG] Returning cached instance of singleton bean &apos;sqlSessionFactory&apos;
2018-07-17 15:47:01,502 [main] [org.springframework.core.env.PropertySourcesPropertyResolver]-[DEBUG] Searching for key &apos;spring.liveBeansView.mbeanDomain&apos; in [systemProperties]
2018-07-17 15:47:01,503 [main] [org.springframework.core.env.PropertySourcesPropertyResolver]-[DEBUG] Searching for key &apos;spring.liveBeansView.mbeanDomain&apos; in [systemEnvironment]
2018-07-17 15:47:01,505 [main] [org.springframework.core.env.PropertySourcesPropertyResolver]-[DEBUG] Could not find key &apos;spring.liveBeansView.mbeanDomain&apos; in any property source. Returning [null]
2018-07-17 15:47:01,505 [main] [org.springframework.beans.factory.support.DefaultListableBeanFactory]-[DEBUG] Returning cached instance of singleton bean &apos;redisClient&apos;
</system-out>
  </testcase>
</testsuite>