<?xml version="1.0" encoding="UTF-8" ?>
<testsuite failures="0" time="1.386" errors="1" skipped="0" tests="1" name="com.taotao.rest.solrj.SolrjTest">
  <properties>
[...]
</properties>
  <testcase time="1.386" classname="com.taotao.rest.solrj.SolrjTest" name="queryDocument">
    <error message="Expected mime type application/octet-stream but got text/html. &lt;html&gt;&lt;head&gt;&lt;title&gt;Apache Tomcat/7.0.78 - Error report&lt;/title&gt;&lt;style&gt;&lt;!--H1 {font-family:Tahoma,Arial,sans-serif;color:white;background-color:#525D76;font-size:22px;} H2 {font-family:Tahoma,Arial,sans-serif;color:white;background-color:#525D76;font-size:16px;} H3 {font-family:Tahoma,Arial,sans-serif;color:white;background-color:#525D76;font-size:14px;} BODY {font-family:Tahoma,Arial,sans-serif;color:black;background-color:white;} B {font-family:Tahoma,Arial,sans-serif;color:white;background-color:#525D76;} P {font-family:Tahoma,Arial,sans-serif;background:white;color:black;font-size:12px;}A {color : black;}A.name {color : black;}HR {color : #525D76;}--&gt;&lt;/style&gt; &lt;/head&gt;&lt;body&gt;&lt;h1&gt;HTTP Status 404 - /solr/select&lt;/h1&gt;&lt;HR size=&quot;1&quot; noshade=&quot;noshade&quot;&gt;&lt;p&gt;&lt;b&gt;type&lt;/b&gt; Status report&lt;/p&gt;&lt;p&gt;&lt;b&gt;message&lt;/b&gt; &lt;u&gt;/solr/select&lt;/u&gt;&lt;/p&gt;&lt;p&gt;&lt;b&gt;description&lt;/b&gt; &lt;u&gt;The requested resource is not available.&lt;/u&gt;&lt;/p&gt;&lt;HR size=&quot;1&quot; noshade=&quot;noshade&quot;&gt;&lt;h3&gt;Apache Tomcat/7.0.78&lt;/h3&gt;&lt;/body&gt;&lt;/html&gt;" type="org.apache.solr.client.solrj.impl.HttpSolrServer$RemoteSolrException">org.apache.solr.client.solrj.impl.HttpSolrServer$RemoteSolrException: Expected mime type application/octet-stream but got text/html. &lt;html&gt;&lt;head&gt;&lt;title&gt;Apache Tomcat/7.0.78 - Error report&lt;/title&gt;&lt;style&gt;&lt;!--H1 {font-family:Tahoma,Arial,sans-serif;color:white;background-color:#525D76;font-size:22px;} H2 {font-family:Tahoma,Arial,sans-serif;color:white;background-color:#525D76;font-size:16px;} H3 {font-family:Tahoma,Arial,sans-serif;color:white;background-color:#525D76;font-size:14px;} BODY {font-family:Tahoma,Arial,sans-serif;color:black;background-color:white;} B {font-family:Tahoma,Arial,sans-serif;color:white;background-color:#525D76;} P {font-family:Tahoma,Arial,sans-serif;background:white;color:black;font-size:12px;}A {color : black;}A.name {color : black;}HR {color : #525D76;}--&gt;&lt;/style&gt; &lt;/head&gt;&lt;body&gt;&lt;h1&gt;HTTP Status 404 - /solr/select&lt;/h1&gt;&lt;HR size=&quot;1&quot; noshade=&quot;noshade&quot;&gt;&lt;p&gt;&lt;b&gt;type&lt;/b&gt; Status report&lt;/p&gt;&lt;p&gt;&lt;b&gt;message&lt;/b&gt; &lt;u&gt;/solr/select&lt;/u&gt;&lt;/p&gt;&lt;p&gt;&lt;b&gt;description&lt;/b&gt; &lt;u&gt;The requested resource is not available.&lt;/u&gt;&lt;/p&gt;&lt;HR size=&quot;1&quot; noshade=&quot;noshade&quot;&gt;&lt;h3&gt;Apache Tomcat/7.0.78&lt;/h3&gt;&lt;/body&gt;&lt;/html&gt;
	at org.apache.solr.client.solrj.impl.HttpSolrServer.executeMethod(HttpSolrServer.java:512)
	at org.apache.solr.client.solrj.impl.HttpSolrServer.request(HttpSolrServer.java:210)
	at org.apache.solr.client.solrj.impl.HttpSolrServer.request(HttpSolrServer.java:206)
	at org.apache.solr.client.solrj.request.QueryRequest.process(QueryRequest.java:91)
	at org.apache.solr.client.solrj.SolrServer.query(SolrServer.java:301)
	at com.taotao.rest.solrj.SolrjTest.queryDocument(SolrjTest.java:76)
	at sun.reflect.NativeMethodAccessorImpl.invoke0(Native Method)
	at sun.reflect.NativeMethodAccessorImpl.invoke(NativeMethodAccessorImpl.java:57)
	at sun.reflect.DelegatingMethodAccessorImpl.invoke(DelegatingMethodAccessorImpl.java:43)
	at java.lang.reflect.Method.invoke(Method.java:606)
	at org.junit.runners.model.FrameworkMethod$1.runReflectiveCall(FrameworkMethod.java:50)
	at org.junit.internal.runners.model.ReflectiveCallable.run(ReflectiveCallable.java:12)
	at org.junit.runners.model.FrameworkMethod.invokeExplosively(FrameworkMethod.java:47)
	at org.junit.internal.runners.statements.InvokeMethod.evaluate(InvokeMethod.java:17)
	at org.junit.runners.ParentRunner.runLeaf(ParentRunner.java:325)
	at org.junit.runners.BlockJUnit4ClassRunner.runChild(BlockJUnit4ClassRunner.java:78)
	at org.junit.runners.BlockJUnit4ClassRunner.runChild(BlockJUnit4ClassRunner.java:57)
	at org.junit.runners.ParentRunner$3.run(ParentRunner.java:290)
	at org.junit.runners.ParentRunner$1.schedule(ParentRunner.java:71)
	at org.junit.runners.ParentRunner.runChildren(ParentRunner.java:288)
	at org.junit.runners.ParentRunner.access$000(ParentRunner.java:58)
	at org.junit.runners.ParentRunner$2.evaluate(ParentRunner.java:268)
	at org.junit.runners.ParentRunner.run(ParentRunner.java:363)
	at org.apache.maven.surefire.junit4.JUnit4Provider.execute(JUnit4Provider.java:252)
	at org.apache.maven.surefire.junit4.JUnit4Provider.executeTestSet(JUnit4Provider.java:141)
	at org.apache.maven.surefire.junit4.JUnit4Provider.invoke(JUnit4Provider.java:112)
	at sun.reflect.NativeMethodAccessorImpl.invoke0(Native Method)
	at sun.reflect.NativeMethodAccessorImpl.invoke(NativeMethodAccessorImpl.java:57)
	at sun.reflect.DelegatingMethodAccessorImpl.invoke(DelegatingMethodAccessorImpl.java:43)
	at java.lang.reflect.Method.invoke(Method.java:606)
	at org.apache.maven.surefire.util.ReflectionUtils.invokeMethodWithArray(ReflectionUtils.java:189)
	at org.apache.maven.surefire.booter.ProviderFactory$ProviderProxy.invoke(ProviderFactory.java:165)
	at org.apache.maven.surefire.booter.ProviderFactory.invokeProvider(ProviderFactory.java:85)
	at org.apache.maven.surefire.booter.ForkedBooter.runSuitesInProcess(ForkedBooter.java:115)
	at org.apache.maven.surefire.booter.ForkedBooter.main(ForkedBooter.java:75)
</error>
    <system-out>2018-07-16 18:57:13,351 [main] [org.apache.solr.client.solrj.impl.HttpClientUtil]-[DEBUG] Creating new http client, config:maxConnections=128&amp;maxConnectionsPerHost=32&amp;followRedirects=false
2018-07-16 18:57:14,488 [main] [org.apache.http.impl.conn.PoolingClientConnectionManager]-[DEBUG] Connection request: [route: {}-&gt;http://192.168.43.53:8080][total kept alive: 0; route allocated: 0 of 32; total allocated: 0 of 128]
2018-07-16 18:57:14,507 [main] [org.apache.http.impl.conn.PoolingClientConnectionManager]-[DEBUG] Connection leased: [id: 0][route: {}-&gt;http://192.168.43.53:8080][total kept alive: 0; route allocated: 1 of 32; total allocated: 1 of 128]
2018-07-16 18:57:14,510 [main] [org.apache.http.impl.conn.DefaultClientConnectionOperator]-[DEBUG] Connecting to 192.168.43.53:8080
2018-07-16 18:57:14,554 [main] [org.apache.http.client.protocol.RequestAddCookies]-[DEBUG] CookieSpec selected: best-match
2018-07-16 18:57:14,576 [main] [org.apache.http.client.protocol.RequestAuthCache]-[DEBUG] Auth cache not set in the context
2018-07-16 18:57:14,577 [main] [org.apache.http.client.protocol.RequestTargetAuthentication]-[DEBUG] Target auth state: UNCHALLENGED
2018-07-16 18:57:14,578 [main] [org.apache.http.client.protocol.RequestProxyAuthentication]-[DEBUG] Proxy auth state: UNCHALLENGED
2018-07-16 18:57:14,578 [main] [org.apache.http.impl.client.SystemDefaultHttpClient]-[DEBUG] Attempt 1 to execute request
2018-07-16 18:57:14,579 [main] [org.apache.http.impl.conn.DefaultClientConnection]-[DEBUG] Sending request: GET /solr/select?q=*%3A*&amp;start=20&amp;rows=50&amp;wt=javabin&amp;version=2 HTTP/1.1
2018-07-16 18:57:14,580 [main] [org.apache.http.wire]-[DEBUG]  &gt;&gt; &quot;GET /solr/select?q=*%3A*&amp;start=20&amp;rows=50&amp;wt=javabin&amp;version=2 HTTP/1.1[\r][\n]&quot;
2018-07-16 18:57:14,581 [main] [org.apache.http.wire]-[DEBUG]  &gt;&gt; &quot;User-Agent: Solr[org.apache.solr.client.solrj.impl.HttpSolrServer] 1.0[\r][\n]&quot;
2018-07-16 18:57:14,582 [main] [org.apache.http.wire]-[DEBUG]  &gt;&gt; &quot;Host: 192.168.43.53:8080[\r][\n]&quot;
2018-07-16 18:57:14,582 [main] [org.apache.http.wire]-[DEBUG]  &gt;&gt; &quot;Connection: Keep-Alive[\r][\n]&quot;
2018-07-16 18:57:14,582 [main] [org.apache.http.wire]-[DEBUG]  &gt;&gt; &quot;[\r][\n]&quot;
2018-07-16 18:57:14,583 [main] [org.apache.http.headers]-[DEBUG] &gt;&gt; GET /solr/select?q=*%3A*&amp;start=20&amp;rows=50&amp;wt=javabin&amp;version=2 HTTP/1.1
2018-07-16 18:57:14,583 [main] [org.apache.http.headers]-[DEBUG] &gt;&gt; User-Agent: Solr[org.apache.solr.client.solrj.impl.HttpSolrServer] 1.0
2018-07-16 18:57:14,583 [main] [org.apache.http.headers]-[DEBUG] &gt;&gt; Host: 192.168.43.53:8080
2018-07-16 18:57:14,583 [main] [org.apache.http.headers]-[DEBUG] &gt;&gt; Connection: Keep-Alive
2018-07-16 18:57:14,666 [main] [org.apache.http.wire]-[DEBUG]  &lt;&lt; &quot;HTTP/1.1 404 Not Found[\r][\n]&quot;
2018-07-16 18:57:14,669 [main] [org.apache.http.wire]-[DEBUG]  &lt;&lt; &quot;Server: Apache-Coyote/1.1[\r][\n]&quot;
2018-07-16 18:57:14,670 [main] [org.apache.http.wire]-[DEBUG]  &lt;&lt; &quot;Content-Type: text/html;charset=utf-8[\r][\n]&quot;
2018-07-16 18:57:14,670 [main] [org.apache.http.wire]-[DEBUG]  &lt;&lt; &quot;Content-Language: en[\r][\n]&quot;
2018-07-16 18:57:14,670 [main] [org.apache.http.wire]-[DEBUG]  &lt;&lt; &quot;Content-Length: 973[\r][\n]&quot;
2018-07-16 18:57:14,670 [main] [org.apache.http.wire]-[DEBUG]  &lt;&lt; &quot;Date: Mon, 16 Jul 2018 14:17:46 GMT[\r][\n]&quot;
2018-07-16 18:57:14,670 [main] [org.apache.http.wire]-[DEBUG]  &lt;&lt; &quot;[\r][\n]&quot;
2018-07-16 18:57:14,672 [main] [org.apache.http.impl.conn.DefaultClientConnection]-[DEBUG] Receiving response: HTTP/1.1 404 Not Found
2018-07-16 18:57:14,672 [main] [org.apache.http.headers]-[DEBUG] &lt;&lt; HTTP/1.1 404 Not Found
2018-07-16 18:57:14,672 [main] [org.apache.http.headers]-[DEBUG] &lt;&lt; Server: Apache-Coyote/1.1
2018-07-16 18:57:14,672 [main] [org.apache.http.headers]-[DEBUG] &lt;&lt; Content-Type: text/html;charset=utf-8
2018-07-16 18:57:14,673 [main] [org.apache.http.headers]-[DEBUG] &lt;&lt; Content-Language: en
2018-07-16 18:57:14,673 [main] [org.apache.http.headers]-[DEBUG] &lt;&lt; Content-Length: 973
2018-07-16 18:57:14,673 [main] [org.apache.http.headers]-[DEBUG] &lt;&lt; Date: Mon, 16 Jul 2018 14:17:46 GMT
2018-07-16 18:57:14,677 [main] [org.apache.http.impl.client.SystemDefaultHttpClient]-[DEBUG] Connection can be kept alive indefinitely
2018-07-16 18:57:14,701 [main] [org.apache.http.wire]-[DEBUG]  &lt;&lt; &quot;&lt;html&gt;&lt;head&gt;&lt;title&gt;Apache Tomcat/7.0.78 - Error report&lt;/title&gt;&lt;style&gt;&lt;!--H1 {font-family:Tahoma,Arial,sans-serif;color:white;background-color:#525D76;font-size:22px;} H2 {font-family:Tahoma,Arial,sans-serif;color:white;background-color:#525D76;font-size:16px;} H3 {font-family:Tahoma,Arial,sans-serif;color:white;background-color:#525D76;font-size:14px;} BODY {font-family:Tahoma,Arial,sans-serif;color:black;background-color:white;} B {font-family:Tahoma,Arial,sans-serif;color:white;background-color:#525D76;} P {font-family:Tahoma,Arial,sans-serif;background:white;color:black;font-size:12px;}A {color : black;}A.name {color : black;}HR {color : #525D76;}--&gt;&lt;/style&gt; &lt;/head&gt;&lt;body&gt;&lt;h1&gt;HTTP Status 404 - /solr/select&lt;/h1&gt;&lt;HR size=&quot;1&quot; noshade=&quot;noshade&quot;&gt;&lt;p&gt;&lt;b&gt;type&lt;/b&gt; Status report&lt;/p&gt;&lt;p&gt;&lt;b&gt;message&lt;/b&gt; &lt;u&gt;/solr/select&lt;/u&gt;&lt;/p&gt;&lt;p&gt;&lt;b&gt;description&lt;/b&gt; &lt;u&gt;The requested resource is not available.&lt;/u&gt;&lt;/p&gt;&lt;HR size=&quot;1&quot; noshade=&quot;noshade&quot;&gt;&lt;h3&gt;Apache Tomcat/7.0.78&lt;/h3&gt;&lt;/body&gt;&lt;/html&gt;&quot;
2018-07-16 18:57:14,702 [main] [org.apache.http.impl.conn.PoolingClientConnectionManager]-[DEBUG] Connection [id: 0][route: {}-&gt;http://192.168.43.53:8080] can be kept alive indefinitely
2018-07-16 18:57:14,702 [main] [org.apache.http.impl.conn.PoolingClientConnectionManager]-[DEBUG] Connection released: [id: 0][route: {}-&gt;http://192.168.43.53:8080][total kept alive: 1; route allocated: 1 of 32; total allocated: 1 of 128]
</system-out>
  </testcase>
</testsuite>